@[ LOG ][2013-12-21 12:27:03:598]: 	Program start.
@[ERROR][2013-12-21 12:27:38:876]: 	can not load URL. : http://www.amazon.com/gift-cards/b?ie=UTF8&node=2238192011	:Read timed out
@[ERROR][2013-12-21 12:28:22:906]: 	can not load URL. : http://www.amazon.com/b?ie=UTF8&node=3427287011	:Read timed out
@[ERROR][2013-12-21 12:28:27:206]: 	can not load URL. : http://www.amazon.com/mobile-apps/b?ie=UTF8&node=2350149011	:Read timed out
@[ERROR][2013-12-21 12:28:28:559]: 	can not load URL. : http://www.amazon.com/b?ie=UTF8&node=2478844011	:Read timed out
@[ERROR][2013-12-21 12:28:28:999]: 	can not load URL. : http://www.amazon.com/mobile-apps/b?ie=UTF8&node=2350149011	:Read timed out
@[ERROR][2013-12-21 12:28:33:422]: 	can not load URL. : http://www.amazon.com/b?ie=UTF8&node=5267605011	:Read timed out
@[ERROR][2013-12-21 12:28:33:687]: 	can not load URL. : http://www.amazon.com/b?ie=UTF8&node=6923534011	:Read timed out
@[ERROR][2013-12-21 12:28:34:717]: 	can not load URL. : http://www.amazon.com/pc-mac-software-downloads/b?ie=UTF8&node=1233514011	:Read timed out
@[ERROR][2013-12-21 12:28:35:824]: 	can not load URL. : http://www.amazon.com/PlayStation-Network/b?ie=UTF8&node=1289533011	:Read timed out
@[ERROR][2013-12-21 12:28:57:079]: 	can not load URL. : http://www.amazon.com/PC-Games/b?ie=UTF8&node=229575	:Read timed out
@[ERROR][2013-12-21 12:28:59:080]: 	can not load URL. : http://www.amazon.com/Printers-Office-Electronics/b?ie=UTF8&node=172635	:Read timed out
@[ERROR][2013-12-21 12:29:02:156]: 	can not load URL. : http://www.amazon.com/furniture-decor-rugs-lamps-beds-tv-stands/b?ie=UTF8&node=1057794	:Read timed out
@[ERROR][2013-12-21 12:29:06:285]: 	can not load URL. : http://www.amazon.com/Arts-Crafts-Sewing/b?ie=UTF8&node=2617941011	:Read timed out
@[ERROR][2013-12-21 12:29:09:085]: 	can not load URL. : http://www.amazon.com/lighting-and-ceiling-fans/b?ie=UTF8&node=495224	:Read timed out
@[ERROR][2013-12-21 12:29:09:098]: 	can not load URL. : http://www.amazon.com/Kitchen-and-Bath-Fixtures/b?ie=UTF8&node=3754161	:Read timed out
@[ERROR][2013-12-21 12:29:09:270]: 	can not load URL. : http://www.amazon.com/Power-Tools-and-Hand-Tools/b?ie=UTF8&node=328182011	:Read timed out
@[ERROR][2013-12-21 12:29:09:478]: 	can not load URL. : http://www.amazon.com/Tools-and-Home-Improvement/b?ie=UTF8&node=228013	:Read timed out
@[ERROR][2013-12-21 12:29:09:640]: 	can not load URL. : http://www.amazon.com/Hardware-Locks-and-Fasteners/b?ie=UTF8&node=511228	:Read timed out
@[ERROR][2013-12-21 12:29:10:448]: 	can not load URL. : http://www.amazon.com/home-automation-smarthome/b?ie=UTF8&node=6563140011	:Read timed out
@[ERROR][2013-12-21 12:29:14:753]: 	can not load URL. : http://www.amazon.com/grocery-breakfast-foods-snacks-organic/b?ie=UTF8&node=16310101	:Read timed out
@[ERROR][2013-12-21 12:29:15:389]: 	can not load URL. : http://www.amazon.com/Natural-Organic-Grocery/b?ie=UTF8&node=51537011	:Read timed out
@[ERROR][2013-12-21 12:29:15:890]: 	can not load URL. : http://www.amazon.com/flowers-bouquets-indoor-plants/b?ie=UTF8&node=3745171	:Read timed out
@[ERROR][2013-12-21 12:29:16:194]: 	can not load URL. : http://www.amazon.com/Wine-Red-White-Sparkling-Dessert-Rose/b?ie=UTF8&node=2983386011	:Read timed out
@[ERROR][2013-12-21 12:29:19:077]: 	can not load URL. : http://www.amazon.com/l/2402554011	:Read timed out
@[ERROR][2013-12-21 12:29:19:762]: 	can not load URL. : http://www.amazon.com/Kids-Family/b?ie=UTF8&node=471306	:Read timed out
@[ERROR][2013-12-21 12:29:24:156]: 	can not load URL. : http://www.amazon.com/Luggage-Bags-Travel-Accessories-Clothing/b?ie=UTF8&node=15743161	:Read timed out
@[ERROR][2013-12-21 12:29:26:464]: 	can not load URL. : http://www.amazon.com/outdoor-gear/b?ie=UTF8&node=706814011	:Read timed out
@[ERROR][2013-12-21 12:29:28:383]: 	can not load URL. : http://www.amazon.com/Boating-Water-Sports-Outdoors/b?ie=UTF8&node=3421331	:Read timed out
@[ERROR][2013-12-21 12:29:31:195]: 	can not load URL. : http://www.amazon.com/Sports-Collectibles/b?ie=UTF8&node=3250697011	:Read timed out
@[ERROR][2013-12-21 12:29:31:640]: 	can not load URL. : http://www.amazon.com/Golf-Sports-Outdoors/b?ie=UTF8&node=3410851	:Read timed out
@[ERROR][2013-12-21 12:29:46:852]: 	can not load URL. : http://www.amazon.com/gp/browse/?ie=UTF8&node=7700810011	:Read timed out
@[ERROR][2013-12-21 12:29:47:655]: 	can not load URL. : http://www.amazon.com/gp/browse/?ie=UTF8&node=7700810011	:Read timed out
@[ERROR][2013-12-21 12:29:49:375]: 	can not load URL. : http://www.amazon.com/gp/browse/?ie=UTF8&node=7700811011	:Read timed out
@[ERROR][2013-12-21 12:29:50:104]: 	can not load URL. : http://www.amazon.com/gp/browse/?ie=UTF8&node=7700811011	:Read timed out
@[ERROR][2013-12-21 12:29:52:166]: 	can not load URL. : http://www.amazon.com/gp/browse/?ie=UTF8&node=5760982011	:Read timed out
@[ERROR][2013-12-21 12:29:52:569]: 	can not load URL. : http://www.amazon.com/gp/browse/?ie=UTF8&node=5760982011	:Read timed out
@[ERROR][2013-12-21 12:30:30:256]: 	can not load URL. : http://www.amazon.com/s?_encoding=UTF8&field-availability=-1&field-enc-merchantbin=ATVPDKIKX0DER&field-price-mp-owner-bin=00000-20000&rh=i%3Acomputers%2Cn%3A1232597011	:Too many redirects occurred trying to load URL http://www.amazon.com/s?ie=UTF8&field-availability=-1&field-enc-merchantbin=ATVPDKIKX0DER&field-price-mp-owner-bin=00000-20000&page=1&rh=n%3A1232597011%2Cp_6%3AATVPDKIKX0DER%7CATVPDKIKX0DER%7CATVPDKIKX0DER%7CATVPDKIKX0DER%7CATVPDKIKX0DER%7CATVPDKIKX0DER%7CATVPDKIKX0DER%7CATVPDKIKX0DER%7CATVPDKIKX0DER%7CATVPDKIKX0DER%7CATVPDKIKX0DER%7CATVPDKIKX0DER%7CATVPDKIKX0DER%7CATVPDKIKX0DER%7CATVPDKIKX0DER%7CATVPDKIKX0DER%7CATVPDKIKX0DER%7CATVPDKIKX0DER%7CATVPDKIKX0DER%2Cp_74%3A00000-20000%2Cp_n_availability%3A1248800011
@[ERROR][2013-12-21 12:30:31:483]: 	can not load URL. : http://www.amazon.com/s?_encoding=UTF8&field-availability=-1&field-enc-merchantbin=ATVPDKIKX0DER&field-price-mp-owner-bin=00000-20000&rh=i%3Acomputers%2Cn%3A1232597011	:Too many redirects occurred trying to load URL http://www.amazon.com/s?ie=UTF8&field-availability=-1&field-enc-merchantbin=ATVPDKIKX0DER&field-price-mp-owner-bin=00000-20000&page=1&rh=n%3A1232597011%2Cp_6%3AATVPDKIKX0DER%7CATVPDKIKX0DER%7CATVPDKIKX0DER%7CATVPDKIKX0DER%7CATVPDKIKX0DER%7CATVPDKIKX0DER%7CATVPDKIKX0DER%7CATVPDKIKX0DER%7CATVPDKIKX0DER%7CATVPDKIKX0DER%7CATVPDKIKX0DER%7CATVPDKIKX0DER%7CATVPDKIKX0DER%7CATVPDKIKX0DER%7CATVPDKIKX0DER%7CATVPDKIKX0DER%7CATVPDKIKX0DER%7CATVPDKIKX0DER%7CATVPDKIKX0DER%2Cp_74%3A00000-20000%2Cp_n_availability%3A1248800011
@[ERROR][2013-12-21 12:31:04:538]: 	can not load URL. : http://www.amazon.com/b?_encoding=UTF8&field-pct-off-mp-owner=20-&node=3237803011	:Read timed out
@[ERROR][2013-12-21 12:31:05:650]: 	can not load URL. : http://www.amazon.com/b?_encoding=UTF8&field-pct-off-mp-owner=30-&node=172572	:Read timed out
@[ERROR][2013-12-21 12:31:10:570]: 	can not load URL. : http://www.amazon.com/b?_encoding=UTF8&field-pct-off-mp-owner=40-&node=281056	:Read timed out
@[ERROR][2013-12-21 12:31:19:548]: 	can not load URL. : http://www.amazon.com/compare-credit-card-offers/b?ie=UTF8&node=3561432011	:Read timed out
@[ERROR][2013-12-21 12:31:39:509]: 	can not load URL. : http://www.amazon.com/b?ie=UTF8&node=3427287011	:Read timed out
@[ERROR][2013-12-21 12:31:42:287]: 	can not load URL. : http://www.amazon.com/mobile-apps/b?ie=UTF8&node=2350149011	:Read timed out
@[ERROR][2013-12-21 12:31:43:264]: 	can not load URL. : http://www.amazon.com/b?ie=UTF8&node=2478844011	:Read timed out
@[ERROR][2013-12-21 12:31:44:077]: 	can not load URL. : http://www.amazon.com/mobile-apps/b?ie=UTF8&node=2350149011	:Read timed out
@[ERROR][2013-12-21 12:31:49:192]: 	can not load URL. : http://www.amazon.com/b?ie=UTF8&node=5267605011	:Read timed out
@[ERROR][2013-12-21 12:31:49:324]: 	can not load URL. : http://www.amazon.com/b?ie=UTF8&node=6923534011	:Read timed out
@[ERROR][2013-12-21 12:31:50:332]: 	can not load URL. : http://www.amazon.com/pc-mac-software-downloads/b?ie=UTF8&node=1233514011	:Read timed out
@[ERROR][2013-12-21 12:31:51:817]: 	can not load URL. : http://www.amazon.com/PlayStation-Network/b?ie=UTF8&node=1289533011	:Read timed out
@[ERROR][2013-12-21 12:32:13:810]: 	can not load URL. : http://www.amazon.com/PC-Games/b?ie=UTF8&node=229575	:Read timed out
@[ERROR][2013-12-21 12:32:14:729]: 	can not load URL. : http://www.amazon.com/Printers-Office-Electronics/b?ie=UTF8&node=172635	:Read timed out
@[ERROR][2013-12-21 12:32:17:270]: 	can not load URL. : http://www.amazon.com/furniture-decor-rugs-lamps-beds-tv-stands/b?ie=UTF8&node=1057794	:Read timed out
@[ERROR][2013-12-21 12:32:22:181]: 	can not load URL. : http://www.amazon.com/Arts-Crafts-Sewing/b?ie=UTF8&node=2617941011	:Read timed out
@[ERROR][2013-12-21 12:32:24:448]: 	can not load URL. : http://www.amazon.com/Power-Tools-and-Hand-Tools/b?ie=UTF8&node=328182011	:Read timed out
@[ERROR][2013-12-21 12:32:24:737]: 	can not load URL. : http://www.amazon.com/Tools-and-Home-Improvement/b?ie=UTF8&node=228013	:Read timed out
@[ERROR][2013-12-21 12:32:25:024]: 	can not load URL. : http://www.amazon.com/lighting-and-ceiling-fans/b?ie=UTF8&node=495224	:Read timed out
@[ERROR][2013-12-21 12:32:25:449]: 	can not load URL. : http://www.amazon.com/Kitchen-and-Bath-Fixtures/b?ie=UTF8&node=3754161	:Read timed out
@[ERROR][2013-12-21 12:32:26:228]: 	can not load URL. : http://www.amazon.com/Hardware-Locks-and-Fasteners/b?ie=UTF8&node=511228	:Read timed out
@[ERROR][2013-12-21 12:32:26:369]: 	can not load URL. : http://www.amazon.com/home-automation-smarthome/b?ie=UTF8&node=6563140011	:Read timed out
@[ERROR][2013-12-21 12:32:30:567]: 	can not load URL. : http://www.amazon.com/grocery-breakfast-foods-snacks-organic/b?ie=UTF8&node=16310101	:Read timed out
@[ERROR][2013-12-21 12:32:30:772]: 	can not load URL. : http://www.amazon.com/Natural-Organic-Grocery/b?ie=UTF8&node=51537011	:Read timed out
@[ERROR][2013-12-21 12:32:31:773]: 	can not load URL. : http://www.amazon.com/flowers-bouquets-indoor-plants/b?ie=UTF8&node=3745171	:Read timed out
@[ERROR][2013-12-21 12:32:32:350]: 	can not load URL. : http://www.amazon.com/Wine-Red-White-Sparkling-Dessert-Rose/b?ie=UTF8&node=2983386011	:Read timed out
@[ERROR][2013-12-21 12:32:35:154]: 	can not load URL. : http://www.amazon.com/l/2402554011	:Read timed out
@[ERROR][2013-12-21 12:32:35:887]: 	can not load URL. : http://www.amazon.com/Kids-Family/b?ie=UTF8&node=471306	:Read timed out
@[ERROR][2013-12-21 12:32:39:182]: 	can not load URL. : http://www.amazon.com/Luggage-Bags-Travel-Accessories-Clothing/b?ie=UTF8&node=15743161	:Read timed out
@[ERROR][2013-12-21 12:32:41:772]: 	can not load URL. : http://www.amazon.com/outdoor-gear/b?ie=UTF8&node=706814011	:Read timed out
@[ERROR][2013-12-21 12:32:44:215]: 	can not load URL. : http://www.amazon.com/Boating-Water-Sports-Outdoors/b?ie=UTF8&node=3421331	:Read timed out
@[ERROR][2013-12-21 12:32:46:697]: 	can not load URL. : http://www.amazon.com/Sports-Collectibles/b?ie=UTF8&node=3250697011	:Read timed out
@[ERROR][2013-12-21 12:32:47:476]: 	can not load URL. : http://www.amazon.com/Golf-Sports-Outdoors/b?ie=UTF8&node=3410851	:Read timed out
@[ERROR][2013-12-21 12:33:10:590]: 	can not load URL. : http://www.amazon.com/compare-credit-card-offers/b?ie=UTF8&node=3561432011	:Read timed out
@[ERROR][2013-12-21 12:33:38:299]: 	can not load URL. : http://www.amazon.com/b?ie=UTF8&node=3427287011	:Read timed out
@[ERROR][2013-12-21 12:33:40:628]: 	can not load URL. : http://www.amazon.com/mobile-apps/b?ie=UTF8&node=2350149011	:Read timed out
@[ERROR][2013-12-21 12:33:40:715]: 	can not load URL. : http://www.amazon.com/b?ie=UTF8&node=2478844011	:Read timed out
@[ERROR][2013-12-21 12:33:41:738]: 	can not load URL. : http://www.amazon.com/mobile-apps/b?ie=UTF8&node=2350149011	:Read timed out
@[ERROR][2013-12-21 12:33:46:876]: 	can not load URL. : http://www.amazon.com/b?ie=UTF8&node=5267605011	:Read timed out
@[ERROR][2013-12-21 12:33:47:175]: 	can not load URL. : http://www.amazon.com/b?ie=UTF8&node=6923534011	:Read timed out
@[ERROR][2013-12-21 12:33:48:123]: 	can not load URL. : http://www.amazon.com/pc-mac-software-downloads/b?ie=UTF8&node=1233514011	:Read timed out
@[ERROR][2013-12-21 12:33:49:543]: 	can not load URL. : http://www.amazon.com/PlayStation-Network/b?ie=UTF8&node=1289533011	:Read timed out
@[ERROR][2013-12-21 12:34:10:615]: 	can not load URL. : http://www.amazon.com/PC-Games/b?ie=UTF8&node=229575	:Read timed out
@[ERROR][2013-12-21 12:34:11:231]: 	can not load URL. : http://www.amazon.com/Printers-Office-Electronics/b?ie=UTF8&node=172635	:Read timed out
@[ERROR][2013-12-21 12:34:14:532]: 	can not load URL. : http://www.amazon.com/furniture-decor-rugs-lamps-beds-tv-stands/b?ie=UTF8&node=1057794	:Read timed out
@[ERROR][2013-12-21 12:34:17:770]: 	can not load URL. : http://www.amazon.com/Arts-Crafts-Sewing/b?ie=UTF8&node=2617941011	:Read timed out
@[ERROR][2013-12-21 12:34:21:491]: 	can not load URL. : http://www.amazon.com/Power-Tools-and-Hand-Tools/b?ie=UTF8&node=328182011	:Read timed out
@[ERROR][2013-12-21 12:34:22:352]: 	can not load URL. : http://www.amazon.com/lighting-and-ceiling-fans/b?ie=UTF8&node=495224	:Read timed out
@[ERROR][2013-12-21 12:34:22:477]: 	can not load URL. : http://www.amazon.com/Tools-and-Home-Improvement/b?ie=UTF8&node=228013	:Read timed out
@[ERROR][2013-12-21 12:34:23:266]: 	can not load URL. : http://www.amazon.com/Hardware-Locks-and-Fasteners/b?ie=UTF8&node=511228	:Read timed out
@[ERROR][2013-12-21 12:34:23:293]: 	can not load URL. : http://www.amazon.com/Kitchen-and-Bath-Fixtures/b?ie=UTF8&node=3754161	:Read timed out
@[ERROR][2013-12-21 12:34:23:377]: 	can not load URL. : http://www.amazon.com/home-automation-smarthome/b?ie=UTF8&node=6563140011	:Read timed out
@[ERROR][2013-12-21 12:34:28:543]: 	can not load URL. : http://www.amazon.com/Natural-Organic-Grocery/b?ie=UTF8&node=51537011	:Read timed out
@[ERROR][2013-12-21 12:34:28:683]: 	can not load URL. : http://www.amazon.com/flowers-bouquets-indoor-plants/b?ie=UTF8&node=3745171	:Read timed out
@[ERROR][2013-12-21 12:34:29:079]: 	can not load URL. : http://www.amazon.com/grocery-breakfast-foods-snacks-organic/b?ie=UTF8&node=16310101	:Read timed out
@[ERROR][2013-12-21 12:34:29:841]: 	can not load URL. : http://www.amazon.com/Wine-Red-White-Sparkling-Dessert-Rose/b?ie=UTF8&node=2983386011	:Read timed out
@[ERROR][2013-12-21 12:34:32:463]: 	can not load URL. : http://www.amazon.com/l/2402554011	:Read timed out
@[ERROR][2013-12-21 12:34:33:091]: 	can not load URL. : http://www.amazon.com/Kids-Family/b?ie=UTF8&node=471306	:Read timed out
@[ERROR][2013-12-21 12:34:36:477]: 	can not load URL. : http://www.amazon.com/Luggage-Bags-Travel-Accessories-Clothing/b?ie=UTF8&node=15743161	:Read timed out
@[ERROR][2013-12-21 12:34:39:688]: 	can not load URL. : http://www.amazon.com/outdoor-gear/b?ie=UTF8&node=706814011	:Read timed out
@[ERROR][2013-12-21 12:34:42:431]: 	can not load URL. : http://www.amazon.com/Boating-Water-Sports-Outdoors/b?ie=UTF8&node=3421331	:Read timed out
@[ERROR][2013-12-21 12:34:45:477]: 	can not load URL. : http://www.amazon.com/Sports-Collectibles/b?ie=UTF8&node=3250697011	:Read timed out
@[ERROR][2013-12-21 12:34:46:509]: 	can not load URL. : http://www.amazon.com/Golf-Sports-Outdoors/b?ie=UTF8&node=3410851	:Read timed out
@[ERROR][2013-12-21 12:35:12:341]: 	can not load URL. : http://www.amazon.com/compare-credit-card-offers/b?ie=UTF8&node=3561432011	:Read timed out
@[ERROR][2013-12-21 12:35:34:554]: 	can not load URL. : http://www.amazon.com/b?ie=UTF8&node=3427287011	:Read timed out
@[ERROR][2013-12-21 12:35:36:405]: 	can not load URL. : http://www.amazon.com/mobile-apps/b?ie=UTF8&node=2350149011	:Read timed out
@[ERROR][2013-12-21 12:35:37:041]: 	can not load URL. : http://www.amazon.com/b?ie=UTF8&node=2478844011	:Read timed out
@[ERROR][2013-12-21 12:35:37:894]: 	can not load URL. : http://www.amazon.com/mobile-apps/b?ie=UTF8&node=2350149011	:Read timed out
@[ERROR][2013-12-21 12:35:41:602]: 	can not load URL. : http://www.amazon.com/b?ie=UTF8&node=6923534011	:Read timed out
@[ERROR][2013-12-21 12:35:41:750]: 	can not load URL. : http://www.amazon.com/b?ie=UTF8&node=5267605011	:Read timed out
@[ERROR][2013-12-21 12:35:42:533]: 	can not load URL. : http://www.amazon.com/pc-mac-software-downloads/b?ie=UTF8&node=1233514011	:Read timed out
@[ERROR][2013-12-21 12:35:44:576]: 	can not load URL. : http://www.amazon.com/PlayStation-Network/b?ie=UTF8&node=1289533011	:Read timed out
@[ERROR][2013-12-21 12:36:07:041]: 	can not load URL. : http://www.amazon.com/PC-Games/b?ie=UTF8&node=229575	:Read timed out
@[ERROR][2013-12-21 12:36:07:573]: 	can not load URL. : http://www.amazon.com/Printers-Office-Electronics/b?ie=UTF8&node=172635	:Read timed out
@[ERROR][2013-12-21 12:36:10:531]: 	can not load URL. : http://www.amazon.com/furniture-decor-rugs-lamps-beds-tv-stands/b?ie=UTF8&node=1057794	:Read timed out
@[ERROR][2013-12-21 12:36:15:093]: 	can not load URL. : http://www.amazon.com/Arts-Crafts-Sewing/b?ie=UTF8&node=2617941011	:Read timed out
@[ERROR][2013-12-21 12:36:17:599]: 	can not load URL. : http://www.amazon.com/Power-Tools-and-Hand-Tools/b?ie=UTF8&node=328182011	:Read timed out
@[ERROR][2013-12-21 12:36:18:319]: 	can not load URL. : http://www.amazon.com/Tools-and-Home-Improvement/b?ie=UTF8&node=228013	:Read timed out
@[ERROR][2013-12-21 12:36:18:420]: 	can not load URL. : http://www.amazon.com/lighting-and-ceiling-fans/b?ie=UTF8&node=495224	:Read timed out
@[ERROR][2013-12-21 12:36:18:880]: 	can not load URL. : http://www.amazon.com/Kitchen-and-Bath-Fixtures/b?ie=UTF8&node=3754161	:Read timed out
@[ERROR][2013-12-21 12:36:19:437]: 	can not load URL. : http://www.amazon.com/Hardware-Locks-and-Fasteners/b?ie=UTF8&node=511228	:Read timed out
@[ERROR][2013-12-21 12:36:19:873]: 	can not load URL. : http://www.amazon.com/home-automation-smarthome/b?ie=UTF8&node=6563140011	:Read timed out
@[ERROR][2013-12-21 12:36:24:975]: 	can not load URL. : http://www.amazon.com/grocery-breakfast-foods-snacks-organic/b?ie=UTF8&node=16310101	:Read timed out
@[ERROR][2013-12-21 12:36:25:339]: 	can not load URL. : http://www.amazon.com/Natural-Organic-Grocery/b?ie=UTF8&node=51537011	:Read timed out
@[ERROR][2013-12-21 12:36:25:974]: 	can not load URL. : http://www.amazon.com/flowers-bouquets-indoor-plants/b?ie=UTF8&node=3745171	:Read timed out
@[ERROR][2013-12-21 12:36:26:315]: 	can not load URL. : http://www.amazon.com/Wine-Red-White-Sparkling-Dessert-Rose/b?ie=UTF8&node=2983386011	:Read timed out
@[ERROR][2013-12-21 12:36:29:242]: 	can not load URL. : http://www.amazon.com/l/2402554011	:Read timed out
@[ERROR][2013-12-21 12:36:29:981]: 	can not load URL. : http://www.amazon.com/Kids-Family/b?ie=UTF8&node=471306	:Read timed out
@[ERROR][2013-12-21 12:36:34:369]: 	can not load URL. : http://www.amazon.com/Luggage-Bags-Travel-Accessories-Clothing/b?ie=UTF8&node=15743161	:Read timed out
@[ERROR][2013-12-21 12:36:36:747]: 	can not load URL. : http://www.amazon.com/outdoor-gear/b?ie=UTF8&node=706814011	:Read timed out
@[ERROR][2013-12-21 12:36:39:353]: 	can not load URL. : http://www.amazon.com/Boating-Water-Sports-Outdoors/b?ie=UTF8&node=3421331	:Read timed out
@[ERROR][2013-12-21 12:36:40:916]: 	can not load URL. : http://www.amazon.com/Sports-Collectibles/b?ie=UTF8&node=3250697011	:Read timed out
@[ERROR][2013-12-21 12:36:41:814]: 	can not load URL. : http://www.amazon.com/Golf-Sports-Outdoors/b?ie=UTF8&node=3410851	:Read timed out
@[ERROR][2013-12-21 12:37:10:103]: 	can not load URL. : http://www.amazon.com/compare-credit-card-offers/b?ie=UTF8&node=3561432011	:Read timed out
@[ERROR][2013-12-21 12:37:34:911]: 	can not load URL. : http://www.amazon.com/b?ie=UTF8&node=3427287011	:Read timed out
@[ERROR][2013-12-21 12:37:38:168]: 	can not load URL. : http://www.amazon.com/b?ie=UTF8&node=2478844011	:Read timed out
@[ERROR][2013-12-21 12:37:38:363]: 	can not load URL. : http://www.amazon.com/mobile-apps/b?ie=UTF8&node=2350149011	:Read timed out
@[ERROR][2013-12-21 12:37:39:158]: 	can not load URL. : http://www.amazon.com/mobile-apps/b?ie=UTF8&node=2350149011	:Read timed out
@[ERROR][2013-12-21 12:37:43:686]: 	can not load URL. : http://www.amazon.com/b?ie=UTF8&node=6923534011	:Read timed out
@[ERROR][2013-12-21 12:37:43:759]: 	can not load URL. : http://www.amazon.com/b?ie=UTF8&node=5267605011	:Read timed out
@[ERROR][2013-12-21 12:37:44:156]: 	can not load URL. : http://www.amazon.com/pc-mac-software-downloads/b?ie=UTF8&node=1233514011	:Read timed out
@[ERROR][2013-12-21 12:37:45:848]: 	can not load URL. : http://www.amazon.com/PlayStation-Network/b?ie=UTF8&node=1289533011	:Read timed out
@[ERROR][2013-12-21 12:38:11:938]: 	can not load URL. : http://www.amazon.com/PC-Games/b?ie=UTF8&node=229575	:Read timed out
@[ERROR][2013-12-21 12:38:13:111]: 	can not load URL. : http://www.amazon.com/Printers-Office-Electronics/b?ie=UTF8&node=172635	:Read timed out
@[ERROR][2013-12-21 12:38:16:552]: 	can not load URL. : http://www.amazon.com/furniture-decor-rugs-lamps-beds-tv-stands/b?ie=UTF8&node=1057794	:Read timed out
@[ERROR][2013-12-21 12:38:21:060]: 	can not load URL. : http://www.amazon.com/Arts-Crafts-Sewing/b?ie=UTF8&node=2617941011	:Read timed out
@[ERROR][2013-12-21 12:38:22:607]: 	can not load URL. : http://www.amazon.com/Power-Tools-and-Hand-Tools/b?ie=UTF8&node=328182011	:Read timed out
@[ERROR][2013-12-21 12:38:23:055]: 	can not load URL. : http://www.amazon.com/Tools-and-Home-Improvement/b?ie=UTF8&node=228013	:Read timed out
@[ERROR][2013-12-21 12:38:23:508]: 	can not load URL. : http://www.amazon.com/lighting-and-ceiling-fans/b?ie=UTF8&node=495224	:Read timed out
@[ERROR][2013-12-21 12:38:24:068]: 	can not load URL. : http://www.amazon.com/Kitchen-and-Bath-Fixtures/b?ie=UTF8&node=3754161	:Read timed out
@[ERROR][2013-12-21 12:38:25:053]: 	can not load URL. : http://www.amazon.com/home-automation-smarthome/b?ie=UTF8&node=6563140011	:Read timed out
@[ERROR][2013-12-21 12:38:25:264]: 	can not load URL. : http://www.amazon.com/Hardware-Locks-and-Fasteners/b?ie=UTF8&node=511228	:Read timed out
@[ERROR][2013-12-21 12:38:30:214]: 	can not load URL. : http://www.amazon.com/Natural-Organic-Grocery/b?ie=UTF8&node=51537011	:Read timed out
@[ERROR][2013-12-21 12:38:30:757]: 	can not load URL. : http://www.amazon.com/flowers-bouquets-indoor-plants/b?ie=UTF8&node=3745171	:Read timed out
@[ERROR][2013-12-21 12:38:31:502]: 	can not load URL. : http://www.amazon.com/grocery-breakfast-foods-snacks-organic/b?ie=UTF8&node=16310101	:Read timed out
@[ERROR][2013-12-21 12:38:31:613]: 	can not load URL. : http://www.amazon.com/Wine-Red-White-Sparkling-Dessert-Rose/b?ie=UTF8&node=2983386011	:Read timed out
@[ERROR][2013-12-21 12:38:34:316]: 	can not load URL. : http://www.amazon.com/l/2402554011	:Read timed out
@[ERROR][2013-12-21 12:38:35:048]: 	can not load URL. : http://www.amazon.com/Kids-Family/b?ie=UTF8&node=471306	:Read timed out
@[ERROR][2013-12-21 12:38:39:891]: 	can not load URL. : http://www.amazon.com/Luggage-Bags-Travel-Accessories-Clothing/b?ie=UTF8&node=15743161	:Read timed out
@[ERROR][2013-12-21 12:38:42:367]: 	can not load URL. : http://www.amazon.com/outdoor-gear/b?ie=UTF8&node=706814011	:Read timed out
@[ERROR][2013-12-21 12:38:44:902]: 	can not load URL. : http://www.amazon.com/Boating-Water-Sports-Outdoors/b?ie=UTF8&node=3421331	:Read timed out
@[ERROR][2013-12-21 12:38:47:187]: 	can not load URL. : http://www.amazon.com/Sports-Collectibles/b?ie=UTF8&node=3250697011	:Read timed out
@[ERROR][2013-12-21 12:38:48:370]: 	can not load URL. : http://www.amazon.com/Golf-Sports-Outdoors/b?ie=UTF8&node=3410851	:Read timed out
@[ERROR][2013-12-21 12:39:04:094]: 	java.sql.Statement executeQuery Exception
@[ERROR][2013-12-21 12:39:04:094]: 	null
@[ LOG ][2013-12-21 12:39:04:095]: 	Program finished.
@[ERROR][2013-12-21 12:39:21:859]: 	can not load URL. : http://www.amazon.com/compare-credit-card-offers/b?ie=UTF8&node=3561432011	:Read timed out
@[ LOG ][2013-12-21 17:02:00:189]: 	Program start.
@[ERROR][2013-12-21 17:02:34:867]: 	can not load URL. : http://www.amazon.com/gift-cards/b?ie=UTF8&node=2238192011	:Read timed out
@[ERROR][2013-12-21 17:03:18:934]: 	can not load URL. : http://www.amazon.com/b?ie=UTF8&node=3427287011	:Read timed out
@[ERROR][2013-12-21 17:03:21:170]: 	can not load URL. : http://www.amazon.com/mobile-apps/b?ie=UTF8&node=2350149011	:Read timed out
@[ERROR][2013-12-21 17:03:21:698]: 	can not load URL. : http://www.amazon.com/b?ie=UTF8&node=2478844011	:Read timed out
@[ERROR][2013-12-21 17:03:23:475]: 	can not load URL. : http://www.amazon.com/mobile-apps/b?ie=UTF8&node=2350149011	:Read timed out
@[ERROR][2013-12-21 17:03:27:139]: 	can not load URL. : http://www.amazon.com/b?ie=UTF8&node=5267605011	:Read timed out
@[ERROR][2013-12-21 17:03:27:233]: 	can not load URL. : http://www.amazon.com/b?ie=UTF8&node=6923534011	:Read timed out
@[ERROR][2013-12-21 17:03:28:406]: 	can not load URL. : http://www.amazon.com/pc-mac-software-downloads/b?ie=UTF8&node=1233514011	:Read timed out
@[ERROR][2013-12-21 17:03:30:180]: 	can not load URL. : http://www.amazon.com/PlayStation-Network/b?ie=UTF8&node=1289533011	:Read timed out
@[ERROR][2013-12-21 17:03:48:597]: 	can not load URL. : http://www.amazon.com/PC-Games/b?ie=UTF8&node=229575	:Read timed out
@[ERROR][2013-12-21 17:03:49:377]: 	can not load URL. : http://www.amazon.com/Printers-Office-Electronics/b?ie=UTF8&node=172635	:Read timed out
@[ERROR][2013-12-21 17:03:50:754]: 	can not load URL. : http://www.amazon.com/furniture-decor-rugs-lamps-beds-tv-stands/b?ie=UTF8&node=1057794	:Read timed out
@[ERROR][2013-12-21 17:03:55:079]: 	can not load URL. : http://www.amazon.com/Arts-Crafts-Sewing/b?ie=UTF8&node=2617941011	:Read timed out
@[ERROR][2013-12-21 17:03:56:508]: 	can not load URL. : http://www.amazon.com/Power-Tools-and-Hand-Tools/b?ie=UTF8&node=328182011	:Read timed out
@[ERROR][2013-12-21 17:03:56:826]: 	can not load URL. : http://www.amazon.com/Kitchen-and-Bath-Fixtures/b?ie=UTF8&node=3754161	:Read timed out
@[ERROR][2013-12-21 17:03:57:695]: 	can not load URL. : http://www.amazon.com/Tools-and-Home-Improvement/b?ie=UTF8&node=228013	:Read timed out
@[ERROR][2013-12-21 17:03:57:931]: 	can not load URL. : http://www.amazon.com/home-automation-smarthome/b?ie=UTF8&node=6563140011	:Read timed out
@[ERROR][2013-12-21 17:03:58:690]: 	can not load URL. : http://www.amazon.com/Hardware-Locks-and-Fasteners/b?ie=UTF8&node=511228	:Read timed out
@[ERROR][2013-12-21 17:03:59:918]: 	can not load URL. : http://www.amazon.com/lighting-and-ceiling-fans/b?ie=UTF8&node=495224	:Read timed out
@[ERROR][2013-12-21 17:04:02:299]: 	can not load URL. : http://www.amazon.com/grocery-breakfast-foods-snacks-organic/b?ie=UTF8&node=16310101	:Read timed out
@[ERROR][2013-12-21 17:04:02:345]: 	can not load URL. : http://www.amazon.com/Natural-Organic-Grocery/b?ie=UTF8&node=51537011	:Read timed out
@[ERROR][2013-12-21 17:04:02:699]: 	can not load URL. : http://www.amazon.com/flowers-bouquets-indoor-plants/b?ie=UTF8&node=3745171	:Read timed out
@[ERROR][2013-12-21 17:04:03:518]: 	can not load URL. : http://www.amazon.com/Wine-Red-White-Sparkling-Dessert-Rose/b?ie=UTF8&node=2983386011	:Read timed out
@[ERROR][2013-12-21 17:04:06:334]: 	can not load URL. : http://www.amazon.com/l/2402554011	:Read timed out
@[ERROR][2013-12-21 17:04:06:736]: 	can not load URL. : http://www.amazon.com/Kids-Family/b?ie=UTF8&node=471306	:Read timed out
@[ERROR][2013-12-21 17:04:10:078]: 	can not load URL. : http://www.amazon.com/Luggage-Bags-Travel-Accessories-Clothing/b?ie=UTF8&node=15743161	:Read timed out
@[ERROR][2013-12-21 17:04:12:934]: 	can not load URL. : http://www.amazon.com/outdoor-gear/b?ie=UTF8&node=706814011	:Read timed out
@[ERROR][2013-12-21 17:04:14:597]: 	can not load URL. : http://www.amazon.com/Boating-Water-Sports-Outdoors/b?ie=UTF8&node=3421331	:Read timed out
@[ERROR][2013-12-21 17:04:15:947]: 	can not load URL. : http://www.amazon.com/Sports-Collectibles/b?ie=UTF8&node=3250697011	:Read timed out
@[ERROR][2013-12-21 17:04:16:181]: 	can not load URL. : http://www.amazon.com/Golf-Sports-Outdoors/b?ie=UTF8&node=3410851	:Read timed out
@[ERROR][2013-12-21 17:04:30:150]: 	can not load URL. : http://www.amazon.com/b?_encoding=UTF8&field-pct-off-mp-owner=20-&node=3237803011	:Read timed out
@[ERROR][2013-12-21 17:04:34:088]: 	can not load URL. : http://www.amazon.com/b?_encoding=UTF8&field-pct-off-mp-owner=30-&node=172572	:Read timed out
@[ERROR][2013-12-21 17:04:37:134]: 	can not load URL. : http://www.amazon.com/b?_encoding=UTF8&field-pct-off-mp-owner=40-&node=281056	:Read timed out
@[ERROR][2013-12-21 17:04:50:277]: 	can not load URL. : http://www.amazon.com/b?_encoding=UTF8&field-pct-off-mp-owner=20-&node=3237803011	:Read timed out
@[ERROR][2013-12-21 17:04:50:985]: 	can not load URL. : http://www.amazon.com/b?_encoding=UTF8&field-pct-off-mp-owner=30-&node=172572	:Read timed out
@[ERROR][2013-12-21 17:04:51:917]: 	can not load URL. : http://www.amazon.com/b?_encoding=UTF8&field-pct-off-mp-owner=30-&node=172572	:Read timed out
@[ERROR][2013-12-21 17:04:52:782]: 	can not load URL. : http://www.amazon.com/b?_encoding=UTF8&field-pct-off-mp-owner=30-&node=172572	:Read timed out
@[ERROR][2013-12-21 17:04:53:929]: 	can not load URL. : http://www.amazon.com/b?_encoding=UTF8&field-pct-off-mp-owner=30-&node=172659&search-alias=electronics	:Read timed out
@[ERROR][2013-12-21 17:04:55:305]: 	can not load URL. : http://www.amazon.com/s/ref=s9_nwrsa_gw_clnk?node=2858905011&search-alias=instant-video&field-is_prime_benefit=2470955011&bbn=2858905011&pf_rd_m=ATVPDKIKX0DER&pf_rd_s=center-2&pf_rd_r=0KZN98STBGGVVVR0Z2XD&pf_rd_t=101&pf_rd_p=1263340922&pf_rd_i=507846	:Too many redirects occurred trying to load URL http://www.amazon.com/s?ie=UTF8&field-is_prime_benefit=2470955011&page=1&rh=n%3A2858905011%2Cp_85%3A2470955011%7C2470955011%7C2470955011%7C2470955011%7C2470955011%7C2470955011%7C2470955011%7C2470955011%7C2470955011%7C2470955011%7C2470955011%7C2470955011%7C2470955011%7C2470955011%7C2470955011%7C2470955011%7C2470955011%7C2470955011%7C2470955011
@[ERROR][2013-12-21 17:04:58:141]: 	can not load URL. : http://www.amazon.com/b?_encoding=UTF8&field-pct-off-mp-owner=40-&node=760796	:Read timed out
@[ERROR][2013-12-21 17:04:58:500]: 	can not load URL. : http://www.amazon.com/s/ref=ce_overstock_20/?_encoding=UTF8&field-enc-merchantbin=ATVPDKIKX0DER&hidden-keywords=B004J3Y9U6%7CB004J3V90Y%7CB00DMS0GTC%7CB00DMS0LCO%7CB00BW6LX20%7CB007FGYZFI%7CB009B0MZ1M%7CB0076BNK30%7CB0040JHVCC%7CB009B0MZG2%7CB007FGZ1V0%7CB0049WJWJ0%7CB00BW6LTG0%7CB004M170YC%7CB00BW6LWO4%7CB002NEGTTW%7CB009B0MZ8U%7CB001CCAISE%7CB0040JHVC2%7CB00009XVCZ%7CB005Y3T1AI%7CB0011NVMO8%7CB0033PRWSW%7CB002NEGTU6%7CB00EFILHB4%7CB00007E7JU%7CB00B5HE3IW%7CB00EFILNV8%7CB00B5HE3AK%7CB007FH1KX2&rh=i%3Aphoto%2Cn%3A502394	:Too many redirects occurred trying to load URL http://www.amazon.com/s?ie=UTF8&field-enc-merchantbin=ATVPDKIKX0DER&hidden-keywords=B004J3Y9U6%7CB004J3V90Y%7CB00DMS0GTC%7CB00DMS0LCO%7CB00BW6LX20%7CB007FGYZFI%7CB009B0MZ1M%7CB0076BNK30%7CB0040JHVCC%7CB009B0MZG2%7CB007FGZ1V0%7CB0049WJWJ0%7CB00BW6LTG0%7CB004M170YC%7CB00BW6LWO4%7CB002NEGTTW%7CB009B0MZ8U%7CB001CCAISE%7CB0040JHVC2%7CB00009XVCZ%7CB005Y3T1AI%7CB0011NVMO8%7CB0033PRWSW%7CB002NEGTU6%7CB00EFILHB4%7CB00007E7JU%7CB00B5HE3IW%7CB00EFILNV8%7CB00B5HE3AK%7CB007FH1KX2&page=1&rh=n%3A502394%2Cp_6%3AATVPDKIKX0DER%7CATVPDKIKX0DER%7CATVPDKIKX0DER%7CATVPDKIKX0DER%7CATVPDKIKX0DER%7CATVPDKIKX0DER%7CATVPDKIKX0DER%7CATVPDKIKX0DER%7CATVPDKIKX0DER%7CATVPDKIKX0DER%7CATVPDKIKX0DER%7CATVPDKIKX0DER%7CATVPDKIKX0DER%7CATVPDKIKX0DER%7CATVPDKIKX0DER%7CATVPDKIKX0DER%7CATVPDKIKX0DER%7CATVPDKIKX0DER%7CATVPDKIKX0DER
@[ERROR][2013-12-21 17:05:10:270]: 	can not load URL. : http://www.amazon.com/b?ie=UTF8&node=8149194011	:Read timed out
@[ERROR][2013-12-21 17:05:10:651]: 	can not load URL. : http://www.amazon.com/b?ie=UTF8&node=8149194011	:Read timed out
@[ERROR][2013-12-21 17:05:13:979]: 	can not load URL. : http://www.amazon.com/b?ie=UTF8&node=8160259011	:Read timed out
@[ERROR][2013-12-21 17:05:14:085]: 	can not load URL. : http://www.amazon.com/b?ie=UTF8&node=8160259011	:Read timed out
@[ERROR][2013-12-21 17:05:16:186]: 	can not load URL. : http://www.amazon.com/b/ref=ce_overstock_23/?_encoding=UTF8&node=8159376011	:Read timed out
@[ERROR][2013-12-21 17:05:16:821]: 	can not load URL. : http://www.amazon.com/b/ref=ce_overstock_21/?_encoding=UTF8&node=8159357011	:Read timed out
@[ERROR][2013-12-21 17:05:17:216]: 	can not load URL. : http://www.amazon.com/b?ie=UTF8&node=8141771011	:Read timed out
@[ERROR][2013-12-21 17:05:17:342]: 	can not load URL. : http://www.amazon.com/b/ref=ce_overstock_22/?_encoding=UTF8&node=8159371011	:Read timed out
@[ERROR][2013-12-21 17:05:17:591]: 	can not load URL. : http://www.amazon.com/b?ie=UTF8&node=8141771011	:Read timed out
@[ERROR][2013-12-21 17:05:20:827]: 	can not load URL. : http://www.amazon.com/b?ie=UTF8&node=8158714011	:Read timed out
@[ERROR][2013-12-21 17:05:20:960]: 	can not load URL. : http://www.amazon.com/b?ie=UTF8&node=8158714011	:Read timed out
@[ERROR][2013-12-21 17:05:23:716]: 	can not load URL. : http://www.amazon.com/Outlet-Electronics/b?ie=UTF8&node=301793	:Read timed out
@[ERROR][2013-12-21 17:05:32:838]: 	can not load URL. : http://www.amazon.com/b?_encoding=UTF8&field-price-mp-owner-bin=00000-5000%60&node=3236445011	:Read timed out
@[ERROR][2013-12-21 17:05:34:497]: 	can not load URL. : http://www.amazon.com/b?_encoding=UTF8&field-price-mp-owner-bin=00000-10000&node=13447451	:Read timed out
@[ERROR][2013-12-21 17:05:35:079]: 	can not load URL. : http://www.amazon.com/b?_encoding=UTF8&field-price-mp-owner-bin=00000-10000&node=13447451	:Read timed out
@[ERROR][2013-12-21 17:05:35:682]: 	can not load URL. : http://www.amazon.com/b?_encoding=UTF8&field-price-mp-owner-bin=00000-10000&node=13447451	:Read timed out
@[ERROR][2013-12-21 17:05:36:203]: 	can not load URL. : http://www.amazon.com/b?_encoding=UTF8&field-price-mp-owner-bin=00000-10000&node=352697011	:Read timed out
@[ERROR][2013-12-21 17:05:36:854]: 	can not load URL. : http://www.amazon.com/b?_encoding=UTF8&field-price-mp-owner-bin=00000-10000&node=3236451011	:Read timed out
@[ERROR][2013-12-21 17:05:39:211]: 	can not load URL. : http://www.amazon.com/b?_encoding=UTF8&field-price-mp-owner-bin=00000-20000&node=3237803011	:Read timed out
@[ERROR][2013-12-21 17:05:39:727]: 	can not load URL. : http://www.amazon.com/b?_encoding=UTF8&field-price-mp-owner-bin=00000-20000&node=14269301	:Read timed out
@[ERROR][2013-12-21 17:05:41:015]: 	can not load URL. : http://www.amazon.com/b?_encoding=UTF8&field-price-mp-owner-bin=20000-50000&node=172572	:Read timed out
@[ERROR][2013-12-21 17:05:41:857]: 	can not load URL. : http://www.amazon.com/b?_encoding=UTF8&field-price-mp-owner-bin=20000-50000&node=172572	:Read timed out
@[ERROR][2013-12-21 17:05:42:227]: 	can not load URL. : http://www.amazon.com/b?_encoding=UTF8&field-price-mp-owner-bin=20000-50000&node=172572	:Read timed out
@[ERROR][2013-12-21 17:05:43:574]: 	can not load URL. : http://www.amazon.com/b?_encoding=UTF8&field-price-mp-owner-bin=00000-50000&node=281056	:Read timed out
@[ERROR][2013-12-21 17:05:44:578]: 	can not load URL. : http://www.amazon.com/b?_encoding=UTF8&field-price-mp-owner-bin=00000-50000&node=300334	:Read timed out
@[ERROR][2013-12-21 17:05:48:517]: 	can not load URL. : http://www.amazon.com/compare-credit-card-offers/b?ie=UTF8&node=3561432011	:Read timed out
@[ERROR][2013-12-21 17:06:08:357]: 	can not load URL. : http://www.amazon.com/b?ie=UTF8&node=3427287011	:Read timed out
@[ERROR][2013-12-21 17:06:10:141]: 	can not load URL. : http://www.amazon.com/mobile-apps/b?ie=UTF8&node=2350149011	:Read timed out
@[ERROR][2013-12-21 17:06:10:530]: 	can not load URL. : http://www.amazon.com/b?ie=UTF8&node=2478844011	:Read timed out
@[ERROR][2013-12-21 17:06:12:197]: 	can not load URL. : http://www.amazon.com/mobile-apps/b?ie=UTF8&node=2350149011	:Read timed out
@[ERROR][2013-12-21 17:06:15:698]: 	can not load URL. : http://www.amazon.com/b?ie=UTF8&node=6923534011	:Read timed out
@[ERROR][2013-12-21 17:06:16:076]: 	can not load URL. : http://www.amazon.com/b?ie=UTF8&node=5267605011	:Read timed out
@[ERROR][2013-12-21 17:06:17:275]: 	can not load URL. : http://www.amazon.com/pc-mac-software-downloads/b?ie=UTF8&node=1233514011	:Read timed out
@[ERROR][2013-12-21 17:06:18:352]: 	can not load URL. : http://www.amazon.com/PlayStation-Network/b?ie=UTF8&node=1289533011	:Read timed out
@[ERROR][2013-12-21 17:06:37:364]: 	can not load URL. : http://www.amazon.com/PC-Games/b?ie=UTF8&node=229575	:Read timed out
@[ERROR][2013-12-21 17:06:38:009]: 	can not load URL. : http://www.amazon.com/Printers-Office-Electronics/b?ie=UTF8&node=172635	:Read timed out
@[ERROR][2013-12-21 17:06:39:517]: 	can not load URL. : http://www.amazon.com/furniture-decor-rugs-lamps-beds-tv-stands/b?ie=UTF8&node=1057794	:Read timed out
@[ERROR][2013-12-21 17:06:42:629]: 	can not load URL. : http://www.amazon.com/Arts-Crafts-Sewing/b?ie=UTF8&node=2617941011	:Read timed out
@[ERROR][2013-12-21 17:06:45:195]: 	can not load URL. : http://www.amazon.com/Power-Tools-and-Hand-Tools/b?ie=UTF8&node=328182011	:Read timed out
@[ERROR][2013-12-21 17:06:45:729]: 	can not load URL. : http://www.amazon.com/lighting-and-ceiling-fans/b?ie=UTF8&node=495224	:Read timed out
@[ERROR][2013-12-21 17:06:45:749]: 	can not load URL. : http://www.amazon.com/Tools-and-Home-Improvement/b?ie=UTF8&node=228013	:Read timed out
@[ERROR][2013-12-21 17:06:45:931]: 	can not load URL. : http://www.amazon.com/Kitchen-and-Bath-Fixtures/b?ie=UTF8&node=3754161	:Read timed out
@[ERROR][2013-12-21 17:06:46:686]: 	can not load URL. : http://www.amazon.com/home-automation-smarthome/b?ie=UTF8&node=6563140011	:Read timed out
@[ERROR][2013-12-21 17:06:46:723]: 	can not load URL. : http://www.amazon.com/Hardware-Locks-and-Fasteners/b?ie=UTF8&node=511228	:Read timed out
@[ERROR][2013-12-21 17:06:50:613]: 	can not load URL. : http://www.amazon.com/Natural-Organic-Grocery/b?ie=UTF8&node=51537011	:Read timed out
@[ERROR][2013-12-21 17:06:51:257]: 	can not load URL. : http://www.amazon.com/flowers-bouquets-indoor-plants/b?ie=UTF8&node=3745171	:Read timed out
@[ERROR][2013-12-21 17:06:51:259]: 	can not load URL. : http://www.amazon.com/grocery-breakfast-foods-snacks-organic/b?ie=UTF8&node=16310101	:Read timed out
@[ERROR][2013-12-21 17:06:52:108]: 	can not load URL. : http://www.amazon.com/Wine-Red-White-Sparkling-Dessert-Rose/b?ie=UTF8&node=2983386011	:Read timed out
@[ERROR][2013-12-21 17:06:54:545]: 	can not load URL. : http://www.amazon.com/l/2402554011	:Read timed out
@[ERROR][2013-12-21 17:06:55:331]: 	can not load URL. : http://www.amazon.com/Kids-Family/b?ie=UTF8&node=471306	:Read timed out
@[ERROR][2013-12-21 17:06:58:261]: 	can not load URL. : http://www.amazon.com/Luggage-Bags-Travel-Accessories-Clothing/b?ie=UTF8&node=15743161	:Read timed out
@[ERROR][2013-12-21 17:07:00:735]: 	can not load URL. : http://www.amazon.com/outdoor-gear/b?ie=UTF8&node=706814011	:Read timed out
@[ERROR][2013-12-21 17:07:03:065]: 	can not load URL. : http://www.amazon.com/Boating-Water-Sports-Outdoors/b?ie=UTF8&node=3421331	:Read timed out
@[ERROR][2013-12-21 17:07:04:874]: 	can not load URL. : http://www.amazon.com/Sports-Collectibles/b?ie=UTF8&node=3250697011	:Read timed out
@[ERROR][2013-12-21 17:07:05:227]: 	can not load URL. : http://www.amazon.com/Golf-Sports-Outdoors/b?ie=UTF8&node=3410851	:Read timed out
@[ERROR][2013-12-21 17:07:21:920]: 	can not load URL. : http://www.amazon.com/compare-credit-card-offers/b?ie=UTF8&node=3561432011	:Read timed out
@[ERROR][2013-12-21 17:07:46:201]: 	can not load URL. : http://www.amazon.com/b?ie=UTF8&node=3427287011	:Read timed out
@[ERROR][2013-12-21 17:07:48:037]: 	can not load URL. : http://www.amazon.com/mobile-apps/b?ie=UTF8&node=2350149011	:Read timed out
@[ERROR][2013-12-21 17:07:48:849]: 	can not load URL. : http://www.amazon.com/b?ie=UTF8&node=2478844011	:Read timed out
@[ERROR][2013-12-21 17:07:49:447]: 	can not load URL. : http://www.amazon.com/mobile-apps/b?ie=UTF8&node=2350149011	:Read timed out
@[ERROR][2013-12-21 17:07:52:936]: 	can not load URL. : http://www.amazon.com/b?ie=UTF8&node=5267605011	:Read timed out
@[ERROR][2013-12-21 17:07:53:329]: 	can not load URL. : http://www.amazon.com/b?ie=UTF8&node=6923534011	:Read timed out
@[ERROR][2013-12-21 17:07:54:962]: 	can not load URL. : http://www.amazon.com/pc-mac-software-downloads/b?ie=UTF8&node=1233514011	:Read timed out
@[ERROR][2013-12-21 17:07:56:221]: 	can not load URL. : http://www.amazon.com/PlayStation-Network/b?ie=UTF8&node=1289533011	:Read timed out
@[ERROR][2013-12-21 17:08:15:164]: 	can not load URL. : http://www.amazon.com/PC-Games/b?ie=UTF8&node=229575	:Read timed out
@[ERROR][2013-12-21 17:08:15:440]: 	can not load URL. : http://www.amazon.com/Printers-Office-Electronics/b?ie=UTF8&node=172635	:Read timed out
@[ERROR][2013-12-21 17:08:17:905]: 	can not load URL. : http://www.amazon.com/furniture-decor-rugs-lamps-beds-tv-stands/b?ie=UTF8&node=1057794	:Read timed out
@[ERROR][2013-12-21 17:08:20:770]: 	can not load URL. : http://www.amazon.com/Arts-Crafts-Sewing/b?ie=UTF8&node=2617941011	:Read timed out
@[ERROR][2013-12-21 17:08:22:889]: 	can not load URL. : http://www.amazon.com/Power-Tools-and-Hand-Tools/b?ie=UTF8&node=328182011	:Read timed out
@[ERROR][2013-12-21 17:08:23:422]: 	can not load URL. : http://www.amazon.com/Tools-and-Home-Improvement/b?ie=UTF8&node=228013	:Read timed out
@[ERROR][2013-12-21 17:08:23:426]: 	can not load URL. : http://www.amazon.com/Kitchen-and-Bath-Fixtures/b?ie=UTF8&node=3754161	:Read timed out
@[ERROR][2013-12-21 17:08:23:690]: 	can not load URL. : http://www.amazon.com/lighting-and-ceiling-fans/b?ie=UTF8&node=495224	:Read timed out
@[ERROR][2013-12-21 17:08:24:090]: 	can not load URL. : http://www.amazon.com/Hardware-Locks-and-Fasteners/b?ie=UTF8&node=511228	:Read timed out
@[ERROR][2013-12-21 17:08:24:951]: 	can not load URL. : http://www.amazon.com/home-automation-smarthome/b?ie=UTF8&node=6563140011	:Read timed out
@[ERROR][2013-12-21 17:08:27:994]: 	can not load URL. : http://www.amazon.com/grocery-breakfast-foods-snacks-organic/b?ie=UTF8&node=16310101	:Read timed out
@[ERROR][2013-12-21 17:08:28:651]: 	can not load URL. : http://www.amazon.com/Natural-Organic-Grocery/b?ie=UTF8&node=51537011	:Read timed out
@[ERROR][2013-12-21 17:08:29:533]: 	can not load URL. : http://www.amazon.com/flowers-bouquets-indoor-plants/b?ie=UTF8&node=3745171	:Read timed out
@[ERROR][2013-12-21 17:08:29:645]: 	can not load URL. : http://www.amazon.com/Wine-Red-White-Sparkling-Dessert-Rose/b?ie=UTF8&node=2983386011	:Read timed out
@[ERROR][2013-12-21 17:08:32:434]: 	can not load URL. : http://www.amazon.com/l/2402554011	:Read timed out
@[ERROR][2013-12-21 17:08:33:039]: 	can not load URL. : http://www.amazon.com/Kids-Family/b?ie=UTF8&node=471306	:Read timed out
@[ERROR][2013-12-21 17:08:36:475]: 	can not load URL. : http://www.amazon.com/Luggage-Bags-Travel-Accessories-Clothing/b?ie=UTF8&node=15743161	:Read timed out
@[ERROR][2013-12-21 17:08:39:599]: 	can not load URL. : http://www.amazon.com/outdoor-gear/b?ie=UTF8&node=706814011	:Read timed out
@[ERROR][2013-12-21 17:08:41:101]: 	can not load URL. : http://www.amazon.com/Boating-Water-Sports-Outdoors/b?ie=UTF8&node=3421331	:Read timed out
@[ERROR][2013-12-21 17:08:43:323]: 	can not load URL. : http://www.amazon.com/Golf-Sports-Outdoors/b?ie=UTF8&node=3410851	:Read timed out
@[ERROR][2013-12-21 17:08:44:624]: 	can not load URL. : http://www.amazon.com/Sports-Collectibles/b?ie=UTF8&node=3250697011	:Read timed out
@[ERROR][2013-12-21 17:09:01:326]: 	java.sql.Statement executing Exception
@[ERROR][2013-12-21 17:09:01:327]: 	Data truncation: Data too long for column 'url' at row 16
@[ERROR][2013-12-21 17:09:02:543]: 	can not load URL. : http://www.amazon.com/compare-credit-card-offers/b?ie=UTF8&node=3561432011	:Read timed out
@[ERROR][2013-12-21 17:09:19:938]: 	can not load URL. : http://www.amazon.com/b?ie=UTF8&node=3427287011	:Read timed out
@[ERROR][2013-12-21 17:09:21:884]: 	can not load URL. : http://www.amazon.com/mobile-apps/b?ie=UTF8&node=2350149011	:Read timed out
@[ERROR][2013-12-21 17:09:22:265]: 	can not load URL. : http://www.amazon.com/b?ie=UTF8&node=2478844011	:Read timed out
@[ERROR][2013-12-21 17:09:23:042]: 	can not load URL. : http://www.amazon.com/mobile-apps/b?ie=UTF8&node=2350149011	:Read timed out
@[ERROR][2013-12-21 17:09:26:619]: 	can not load URL. : http://www.amazon.com/b?ie=UTF8&node=6923534011	:Read timed out
@[ERROR][2013-12-21 17:09:26:868]: 	can not load URL. : http://www.amazon.com/b?ie=UTF8&node=5267605011	:Read timed out
@[ERROR][2013-12-21 17:09:28:102]: 	can not load URL. : http://www.amazon.com/pc-mac-software-downloads/b?ie=UTF8&node=1233514011	:Read timed out
@[ERROR][2013-12-21 17:09:30:327]: 	can not load URL. : http://www.amazon.com/PlayStation-Network/b?ie=UTF8&node=1289533011	:Read timed out
@[ERROR][2013-12-21 17:09:49:372]: 	can not load URL. : http://www.amazon.com/PC-Games/b?ie=UTF8&node=229575	:Read timed out
@[ERROR][2013-12-21 17:09:50:094]: 	can not load URL. : http://www.amazon.com/Printers-Office-Electronics/b?ie=UTF8&node=172635	:Read timed out
@[ERROR][2013-12-21 17:09:51:866]: 	can not load URL. : http://www.amazon.com/furniture-decor-rugs-lamps-beds-tv-stands/b?ie=UTF8&node=1057794	:Read timed out
@[ERROR][2013-12-21 17:09:56:709]: 	can not load URL. : http://www.amazon.com/Arts-Crafts-Sewing/b?ie=UTF8&node=2617941011	:Read timed out
@[ERROR][2013-12-21 17:09:57:693]: 	can not load URL. : http://www.amazon.com/Tools-and-Home-Improvement/b?ie=UTF8&node=228013	:Read timed out
@[ERROR][2013-12-21 17:09:58:013]: 	can not load URL. : http://www.amazon.com/Power-Tools-and-Hand-Tools/b?ie=UTF8&node=328182011	:Read timed out
@[ERROR][2013-12-21 17:09:58:036]: 	can not load URL. : http://www.amazon.com/Kitchen-and-Bath-Fixtures/b?ie=UTF8&node=3754161	:Read timed out
@[ERROR][2013-12-21 17:09:58:364]: 	can not load URL. : http://www.amazon.com/lighting-and-ceiling-fans/b?ie=UTF8&node=495224	:Read timed out
@[ERROR][2013-12-21 17:09:58:738]: 	can not load URL. : http://www.amazon.com/Hardware-Locks-and-Fasteners/b?ie=UTF8&node=511228	:Read timed out
@[ERROR][2013-12-21 17:09:58:958]: 	can not load URL. : http://www.amazon.com/home-automation-smarthome/b?ie=UTF8&node=6563140011	:Read timed out
@[ERROR][2013-12-21 17:10:03:451]: 	can not load URL. : http://www.amazon.com/grocery-breakfast-foods-snacks-organic/b?ie=UTF8&node=16310101	:Read timed out
@[ERROR][2013-12-21 17:10:03:648]: 	can not load URL. : http://www.amazon.com/Natural-Organic-Grocery/b?ie=UTF8&node=51537011	:Read timed out
@[ERROR][2013-12-21 17:10:04:082]: 	can not load URL. : http://www.amazon.com/flowers-bouquets-indoor-plants/b?ie=UTF8&node=3745171	:Read timed out
@[ERROR][2013-12-21 17:10:04:528]: 	can not load URL. : http://www.amazon.com/Wine-Red-White-Sparkling-Dessert-Rose/b?ie=UTF8&node=2983386011	:Read timed out
@[ERROR][2013-12-21 17:10:07:092]: 	can not load URL. : http://www.amazon.com/l/2402554011	:Read timed out
@[ERROR][2013-12-21 17:10:07:732]: 	can not load URL. : http://www.amazon.com/Kids-Family/b?ie=UTF8&node=471306	:Read timed out
@[ERROR][2013-12-21 17:10:11:070]: 	can not load URL. : http://www.amazon.com/Luggage-Bags-Travel-Accessories-Clothing/b?ie=UTF8&node=15743161	:Read timed out
@[ERROR][2013-12-21 17:10:14:038]: 	can not load URL. : http://www.amazon.com/outdoor-gear/b?ie=UTF8&node=706814011	:Read timed out
@[ERROR][2013-12-21 17:10:15:774]: 	can not load URL. : http://www.amazon.com/Boating-Water-Sports-Outdoors/b?ie=UTF8&node=3421331	:Read timed out
@[ERROR][2013-12-21 17:10:17:115]: 	can not load URL. : http://www.amazon.com/Sports-Collectibles/b?ie=UTF8&node=3250697011	:Read timed out
@[ERROR][2013-12-21 17:10:17:515]: 	can not load URL. : http://www.amazon.com/Golf-Sports-Outdoors/b?ie=UTF8&node=3410851	:Read timed out
@[ERROR][2013-12-21 17:10:38:375]: 	can not load URL. : http://www.amazon.com/compare-credit-card-offers/b?ie=UTF8&node=3561432011	:Read timed out
@[ERROR][2013-12-21 17:10:58:857]: 	can not load URL. : http://www.amazon.com/b?ie=UTF8&node=3427287011	:Read timed out
@[ERROR][2013-12-21 17:11:00:985]: 	can not load URL. : http://www.amazon.com/mobile-apps/b?ie=UTF8&node=2350149011	:Read timed out
@[ERROR][2013-12-21 17:11:01:420]: 	can not load URL. : http://www.amazon.com/b?ie=UTF8&node=2478844011	:Read timed out
@[ERROR][2013-12-21 17:11:01:914]: 	can not load URL. : http://www.amazon.com/mobile-apps/b?ie=UTF8&node=2350149011	:Read timed out
@[ERROR][2013-12-21 17:11:05:632]: 	can not load URL. : http://www.amazon.com/b?ie=UTF8&node=6923534011	:Read timed out
@[ERROR][2013-12-21 17:11:06:069]: 	can not load URL. : http://www.amazon.com/b?ie=UTF8&node=5267605011	:Read timed out
@[ERROR][2013-12-21 17:11:07:765]: 	can not load URL. : http://www.amazon.com/pc-mac-software-downloads/b?ie=UTF8&node=1233514011	:Read timed out
@[ERROR][2013-12-21 17:11:09:364]: 	can not load URL. : http://www.amazon.com/PlayStation-Network/b?ie=UTF8&node=1289533011	:Read timed out
@[ERROR][2013-12-21 17:11:27:563]: 	can not load URL. : http://www.amazon.com/PC-Games/b?ie=UTF8&node=229575	:Read timed out
@[ERROR][2013-12-21 17:11:28:525]: 	can not load URL. : http://www.amazon.com/Printers-Office-Electronics/b?ie=UTF8&node=172635	:Read timed out
@[ERROR][2013-12-21 17:11:31:300]: 	can not load URL. : http://www.amazon.com/furniture-decor-rugs-lamps-beds-tv-stands/b?ie=UTF8&node=1057794	:Read timed out
@[ERROR][2013-12-21 17:11:33:394]: 	can not load URL. : http://www.amazon.com/Arts-Crafts-Sewing/b?ie=UTF8&node=2617941011	:Read timed out
@[ERROR][2013-12-21 17:11:35:712]: 	can not load URL. : http://www.amazon.com/lighting-and-ceiling-fans/b?ie=UTF8&node=495224	:Read timed out
@[ERROR][2013-12-21 17:11:36:162]: 	can not load URL. : http://www.amazon.com/Power-Tools-and-Hand-Tools/b?ie=UTF8&node=328182011	:Read timed out
@[ERROR][2013-12-21 17:11:36:181]: 	can not load URL. : http://www.amazon.com/Tools-and-Home-Improvement/b?ie=UTF8&node=228013	:Read timed out
@[ERROR][2013-12-21 17:11:36:329]: 	can not load URL. : http://www.amazon.com/Kitchen-and-Bath-Fixtures/b?ie=UTF8&node=3754161	:Read timed out
@[ERROR][2013-12-21 17:11:37:287]: 	can not load URL. : http://www.amazon.com/home-automation-smarthome/b?ie=UTF8&node=6563140011	:Read timed out
@[ERROR][2013-12-21 17:11:37:797]: 	can not load URL. : http://www.amazon.com/Hardware-Locks-and-Fasteners/b?ie=UTF8&node=511228	:Read timed out
@[ERROR][2013-12-21 17:11:41:639]: 	can not load URL. : http://www.amazon.com/Natural-Organic-Grocery/b?ie=UTF8&node=51537011	:Read timed out
@[ERROR][2013-12-21 17:11:41:837]: 	can not load URL. : http://www.amazon.com/flowers-bouquets-indoor-plants/b?ie=UTF8&node=3745171	:Read timed out
@[ERROR][2013-12-21 17:11:41:938]: 	can not load URL. : http://www.amazon.com/grocery-breakfast-foods-snacks-organic/b?ie=UTF8&node=16310101	:Read timed out
@[ERROR][2013-12-21 17:11:43:061]: 	can not load URL. : http://www.amazon.com/Wine-Red-White-Sparkling-Dessert-Rose/b?ie=UTF8&node=2983386011	:Read timed out
@[ERROR][2013-12-21 17:11:45:477]: 	can not load URL. : http://www.amazon.com/l/2402554011	:Read timed out
@[ERROR][2013-12-21 17:11:46:303]: 	can not load URL. : http://www.amazon.com/Kids-Family/b?ie=UTF8&node=471306	:Read timed out
@[ERROR][2013-12-21 17:11:49:453]: 	can not load URL. : http://www.amazon.com/Luggage-Bags-Travel-Accessories-Clothing/b?ie=UTF8&node=15743161	:Read timed out
@[ERROR][2013-12-21 17:11:51:677]: 	can not load URL. : http://www.amazon.com/outdoor-gear/b?ie=UTF8&node=706814011	:Read timed out
@[ERROR][2013-12-21 17:11:53:713]: 	can not load URL. : http://www.amazon.com/Boating-Water-Sports-Outdoors/b?ie=UTF8&node=3421331	:Read timed out
@[ERROR][2013-12-21 17:11:55:856]: 	can not load URL. : http://www.amazon.com/Sports-Collectibles/b?ie=UTF8&node=3250697011	:Read timed out
@[ERROR][2013-12-21 17:11:56:212]: 	can not load URL. : http://www.amazon.com/Golf-Sports-Outdoors/b?ie=UTF8&node=3410851	:Read timed out
@[ERROR][2013-12-21 17:12:16:664]: 	can not load URL. : http://www.amazon.com/compare-credit-card-offers/b?ie=UTF8&node=3561432011	:Read timed out
@[ERROR][2013-12-21 17:12:20:385]: 	java.sql.Statement executing Exception
@[ERROR][2013-12-21 17:12:20:385]: 	Data truncation: Data too long for column 'url' at row 16
@[ERROR][2013-12-21 17:12:38:478]: 	can not load URL. : http://www.amazon.com/b?ie=UTF8&node=3427287011	:Read timed out
@[ERROR][2013-12-21 17:12:40:833]: 	can not load URL. : http://www.amazon.com/mobile-apps/b?ie=UTF8&node=2350149011	:Read timed out
@[ERROR][2013-12-21 17:12:41:341]: 	can not load URL. : http://www.amazon.com/b?ie=UTF8&node=2478844011	:Read timed out
@[ERROR][2013-12-21 17:12:42:051]: 	can not load URL. : http://www.amazon.com/mobile-apps/b?ie=UTF8&node=2350149011	:Read timed out
@[ERROR][2013-12-21 17:12:45:763]: 	can not load URL. : http://www.amazon.com/b?ie=UTF8&node=5267605011	:Read timed out
@[ERROR][2013-12-21 17:12:45:904]: 	can not load URL. : http://www.amazon.com/b?ie=UTF8&node=6923534011	:Read timed out
@[ERROR][2013-12-21 17:12:46:836]: 	can not load URL. : http://www.amazon.com/pc-mac-software-downloads/b?ie=UTF8&node=1233514011	:Read timed out
@[ERROR][2013-12-21 17:12:48:010]: 	can not load URL. : http://www.amazon.com/PlayStation-Network/b?ie=UTF8&node=1289533011	:Read timed out
@[ERROR][2013-12-21 17:13:08:951]: 	can not load URL. : http://www.amazon.com/PC-Games/b?ie=UTF8&node=229575	:Read timed out
@[ERROR][2013-12-21 17:13:09:440]: 	can not load URL. : http://www.amazon.com/Printers-Office-Electronics/b?ie=UTF8&node=172635	:Read timed out
@[ERROR][2013-12-21 17:13:10:682]: 	can not load URL. : http://www.amazon.com/furniture-decor-rugs-lamps-beds-tv-stands/b?ie=UTF8&node=1057794	:Read timed out
@[ERROR][2013-12-21 17:13:14:024]: 	can not load URL. : http://www.amazon.com/Arts-Crafts-Sewing/b?ie=UTF8&node=2617941011	:Read timed out
@[ERROR][2013-12-21 17:13:16:591]: 	can not load URL. : http://www.amazon.com/lighting-and-ceiling-fans/b?ie=UTF8&node=495224	:Read timed out
@[ERROR][2013-12-21 17:13:16:789]: 	can not load URL. : http://www.amazon.com/Power-Tools-and-Hand-Tools/b?ie=UTF8&node=328182011	:Read timed out
@[ERROR][2013-12-21 17:13:16:921]: 	can not load URL. : http://www.amazon.com/Kitchen-and-Bath-Fixtures/b?ie=UTF8&node=3754161	:Read timed out
@[ERROR][2013-12-21 17:13:17:502]: 	can not load URL. : http://www.amazon.com/Tools-and-Home-Improvement/b?ie=UTF8&node=228013	:Read timed out
@[ERROR][2013-12-21 17:13:17:817]: 	can not load URL. : http://www.amazon.com/Hardware-Locks-and-Fasteners/b?ie=UTF8&node=511228	:Read timed out
@[ERROR][2013-12-21 17:13:18:261]: 	can not load URL. : http://www.amazon.com/home-automation-smarthome/b?ie=UTF8&node=6563140011	:Read timed out
@[ERROR][2013-12-21 17:13:22:785]: 	can not load URL. : http://www.amazon.com/Natural-Organic-Grocery/b?ie=UTF8&node=51537011	:Read timed out
@[ERROR][2013-12-21 17:13:22:988]: 	can not load URL. : http://www.amazon.com/grocery-breakfast-foods-snacks-organic/b?ie=UTF8&node=16310101	:Read timed out
@[ERROR][2013-12-21 17:13:23:773]: 	can not load URL. : http://www.amazon.com/flowers-bouquets-indoor-plants/b?ie=UTF8&node=3745171	:Read timed out
@[ERROR][2013-12-21 17:13:24:230]: 	can not load URL. : http://www.amazon.com/Wine-Red-White-Sparkling-Dessert-Rose/b?ie=UTF8&node=2983386011	:Read timed out
@[ERROR][2013-12-21 17:13:26:913]: 	can not load URL. : http://www.amazon.com/l/2402554011	:Read timed out
@[ERROR][2013-12-21 17:13:27:435]: 	can not load URL. : http://www.amazon.com/Kids-Family/b?ie=UTF8&node=471306	:Read timed out
@[ERROR][2013-12-21 17:13:30:759]: 	can not load URL. : http://www.amazon.com/Luggage-Bags-Travel-Accessories-Clothing/b?ie=UTF8&node=15743161	:Read timed out
@[ERROR][2013-12-21 17:13:33:340]: 	can not load URL. : http://www.amazon.com/outdoor-gear/b?ie=UTF8&node=706814011	:Read timed out
@[ERROR][2013-12-21 17:13:36:096]: 	can not load URL. : http://www.amazon.com/Boating-Water-Sports-Outdoors/b?ie=UTF8&node=3421331	:Read timed out
@[ERROR][2013-12-21 17:13:37:606]: 	can not load URL. : http://www.amazon.com/Golf-Sports-Outdoors/b?ie=UTF8&node=3410851	:Read timed out
@[ERROR][2013-12-21 17:13:38:687]: 	can not load URL. : http://www.amazon.com/Sports-Collectibles/b?ie=UTF8&node=3250697011	:Read timed out
@[ERROR][2013-12-21 17:13:43:705]: 	can not load URL. : http://www.amazon.com/dp/B00CU0NSCU	:HTTP error fetching URL
@[ERROR][2013-12-21 17:13:58:996]: 	can not load URL. : http://www.amazon.com/compare-credit-card-offers/b?ie=UTF8&node=3561432011	:Read timed out
@[ERROR][2013-12-21 17:14:16:670]: 	can not load URL. : http://www.amazon.com/b?ie=UTF8&node=3427287011	:Read timed out
@[ERROR][2013-12-21 17:14:19:333]: 	can not load URL. : http://www.amazon.com/mobile-apps/b?ie=UTF8&node=2350149011	:Read timed out
@[ERROR][2013-12-21 17:14:19:826]: 	can not load URL. : http://www.amazon.com/b?ie=UTF8&node=2478844011	:Read timed out
@[ERROR][2013-12-21 17:14:20:626]: 	can not load URL. : http://www.amazon.com/mobile-apps/b?ie=UTF8&node=2350149011	:Read timed out
@[ERROR][2013-12-21 17:14:24:171]: 	can not load URL. : http://www.amazon.com/b?ie=UTF8&node=6923534011	:Read timed out
@[ERROR][2013-12-21 17:14:24:182]: 	can not load URL. : http://www.amazon.com/b?ie=UTF8&node=5267605011	:Read timed out
@[ERROR][2013-12-21 17:14:25:832]: 	can not load URL. : http://www.amazon.com/pc-mac-software-downloads/b?ie=UTF8&node=1233514011	:Read timed out
@[ERROR][2013-12-21 17:14:27:037]: 	can not load URL. : http://www.amazon.com/PlayStation-Network/b?ie=UTF8&node=1289533011	:Read timed out
@[ERROR][2013-12-21 17:14:46:576]: 	can not load URL. : http://www.amazon.com/PC-Games/b?ie=UTF8&node=229575	:Read timed out
@[ERROR][2013-12-21 17:14:47:249]: 	can not load URL. : http://www.amazon.com/Printers-Office-Electronics/b?ie=UTF8&node=172635	:Read timed out
@[ERROR][2013-12-21 17:14:50:261]: 	can not load URL. : http://www.amazon.com/furniture-decor-rugs-lamps-beds-tv-stands/b?ie=UTF8&node=1057794	:Read timed out
@[ERROR][2013-12-21 17:14:52:441]: 	can not load URL. : http://www.amazon.com/Arts-Crafts-Sewing/b?ie=UTF8&node=2617941011	:Read timed out
@[ERROR][2013-12-21 17:14:54:902]: 	can not load URL. : http://www.amazon.com/lighting-and-ceiling-fans/b?ie=UTF8&node=495224	:Read timed out
@[ERROR][2013-12-21 17:14:55:579]: 	can not load URL. : http://www.amazon.com/Kitchen-and-Bath-Fixtures/b?ie=UTF8&node=3754161	:Read timed out
@[ERROR][2013-12-21 17:14:55:602]: 	can not load URL. : http://www.amazon.com/Tools-and-Home-Improvement/b?ie=UTF8&node=228013	:Read timed out
@[ERROR][2013-12-21 17:14:55:732]: 	can not load URL. : http://www.amazon.com/Power-Tools-and-Hand-Tools/b?ie=UTF8&node=328182011	:Read timed out
@[ERROR][2013-12-21 17:14:56:544]: 	can not load URL. : http://www.amazon.com/Hardware-Locks-and-Fasteners/b?ie=UTF8&node=511228	:Read timed out
@[ERROR][2013-12-21 17:14:56:653]: 	can not load URL. : http://www.amazon.com/home-automation-smarthome/b?ie=UTF8&node=6563140011	:Read timed out
@[ERROR][2013-12-21 17:15:00:124]: 	can not load URL. : http://www.amazon.com/gp/seller/sell-your-stuff.html	:HTTP error fetching URL
@[ERROR][2013-12-21 17:15:01:219]: 	can not load URL. : http://www.amazon.com/grocery-breakfast-foods-snacks-organic/b?ie=UTF8&node=16310101	:Read timed out
@[ERROR][2013-12-21 17:15:01:343]: 	can not load URL. : http://www.amazon.com/Natural-Organic-Grocery/b?ie=UTF8&node=51537011	:Read timed out
@[ERROR][2013-12-21 17:15:01:690]: 	can not load URL. : http://www.amazon.com/flowers-bouquets-indoor-plants/b?ie=UTF8&node=3745171	:Read timed out
@[ERROR][2013-12-21 17:15:02:422]: 	can not load URL. : http://www.amazon.com/Wine-Red-White-Sparkling-Dessert-Rose/b?ie=UTF8&node=2983386011	:Read timed out
@[ERROR][2013-12-21 17:15:05:015]: 	can not load URL. : http://www.amazon.com/l/2402554011	:Read timed out
@[ERROR][2013-12-21 17:15:05:995]: 	can not load URL. : http://www.amazon.com/Kids-Family/b?ie=UTF8&node=471306	:Read timed out
@[ERROR][2013-12-21 17:15:09:139]: 	can not load URL. : http://www.amazon.com/Luggage-Bags-Travel-Accessories-Clothing/b?ie=UTF8&node=15743161	:Read timed out
@[ERROR][2013-12-21 17:15:11:934]: 	can not load URL. : http://www.amazon.com/outdoor-gear/b?ie=UTF8&node=706814011	:Read timed out
@[ERROR][2013-12-21 17:15:13:720]: 	can not load URL. : http://www.amazon.com/Boating-Water-Sports-Outdoors/b?ie=UTF8&node=3421331	:Read timed out
@[ERROR][2013-12-21 17:15:15:627]: 	can not load URL. : http://www.amazon.com/Sports-Collectibles/b?ie=UTF8&node=3250697011	:Read timed out
@[ERROR][2013-12-21 17:15:16:141]: 	can not load URL. : http://www.amazon.com/Golf-Sports-Outdoors/b?ie=UTF8&node=3410851	:Read timed out
@[ERROR][2013-12-21 17:15:27:403]: 	can not load URL. : http://www.amazon.com/Frustration-Free-Packaging/b?ie=UTF8&node=1289004011	:Read timed out
@[ERROR][2013-12-21 17:15:33:984]: 	can not load URL. : http://www.amazon.com/compare-credit-card-offers/b?ie=UTF8&node=3561432011	:Read timed out
@[ERROR][2013-12-21 17:15:55:069]: 	can not load URL. : http://www.amazon.com/b?ie=UTF8&node=3427287011	:Read timed out
@[ERROR][2013-12-21 17:15:57:720]: 	can not load URL. : http://www.amazon.com/b?ie=UTF8&node=2478844011	:Read timed out
@[ERROR][2013-12-21 17:15:58:790]: 	can not load URL. : http://www.amazon.com/mobile-apps/b?ie=UTF8&node=2350149011	:Read timed out
@[ERROR][2013-12-21 17:15:58:964]: 	can not load URL. : http://www.amazon.com/mobile-apps/b?ie=UTF8&node=2350149011	:Read timed out
@[ERROR][2013-12-21 17:16:02:741]: 	can not load URL. : http://www.amazon.com/b?ie=UTF8&node=5267605011	:Read timed out
@[ERROR][2013-12-21 17:16:02:829]: 	can not load URL. : http://www.amazon.com/b?ie=UTF8&node=6923534011	:Read timed out
@[ERROR][2013-12-21 17:16:03:727]: 	can not load URL. : http://www.amazon.com/pc-mac-software-downloads/b?ie=UTF8&node=1233514011	:Read timed out
@[ERROR][2013-12-21 17:16:05:195]: 	can not load URL. : http://www.amazon.com/PlayStation-Network/b?ie=UTF8&node=1289533011	:Read timed out
@[ERROR][2013-12-21 17:16:25:812]: 	can not load URL. : http://www.amazon.com/PC-Games/b?ie=UTF8&node=229575	:Read timed out
@[ERROR][2013-12-21 17:16:26:130]: 	can not load URL. : http://www.amazon.com/Printers-Office-Electronics/b?ie=UTF8&node=172635	:Read timed out
@[ERROR][2013-12-21 17:16:28:205]: 	can not load URL. : http://www.amazon.com/furniture-decor-rugs-lamps-beds-tv-stands/b?ie=UTF8&node=1057794	:Read timed out
@[ERROR][2013-12-21 17:16:34:091]: 	can not load URL. : http://www.amazon.com/Arts-Crafts-Sewing/b?ie=UTF8&node=2617941011	:Read timed out
@[ERROR][2013-12-21 17:16:35:384]: 	can not load URL. : http://www.amazon.com/Tools-and-Home-Improvement/b?ie=UTF8&node=228013	:Read timed out
@[ERROR][2013-12-21 17:16:35:555]: 	can not load URL. : http://www.amazon.com/lighting-and-ceiling-fans/b?ie=UTF8&node=495224	:Read timed out
@[ERROR][2013-12-21 17:16:35:663]: 	can not load URL. : http://www.amazon.com/Power-Tools-and-Hand-Tools/b?ie=UTF8&node=328182011	:Read timed out
@[ERROR][2013-12-21 17:16:36:009]: 	can not load URL. : http://www.amazon.com/Kitchen-and-Bath-Fixtures/b?ie=UTF8&node=3754161	:Read timed out
@[ERROR][2013-12-21 17:16:36:654]: 	can not load URL. : http://www.amazon.com/Hardware-Locks-and-Fasteners/b?ie=UTF8&node=511228	:Read timed out
@[ERROR][2013-12-21 17:16:36:751]: 	can not load URL. : http://www.amazon.com/home-automation-smarthome/b?ie=UTF8&node=6563140011	:Read timed out
@[ERROR][2013-12-21 17:16:41:303]: 	can not load URL. : http://www.amazon.com/Natural-Organic-Grocery/b?ie=UTF8&node=51537011	:Read timed out
@[ERROR][2013-12-21 17:16:42:111]: 	can not load URL. : http://www.amazon.com/grocery-breakfast-foods-snacks-organic/b?ie=UTF8&node=16310101	:Read timed out
@[ERROR][2013-12-21 17:16:42:248]: 	can not load URL. : http://www.amazon.com/flowers-bouquets-indoor-plants/b?ie=UTF8&node=3745171	:Read timed out
@[ERROR][2013-12-21 17:16:43:457]: 	can not load URL. : http://www.amazon.com/Wine-Red-White-Sparkling-Dessert-Rose/b?ie=UTF8&node=2983386011	:Read timed out
@[ERROR][2013-12-21 17:16:45:545]: 	can not load URL. : http://www.amazon.com/l/2402554011	:Read timed out
@[ERROR][2013-12-21 17:16:46:210]: 	can not load URL. : http://www.amazon.com/Kids-Family/b?ie=UTF8&node=471306	:Read timed out
@[ERROR][2013-12-21 17:16:49:693]: 	can not load URL. : http://www.amazon.com/Luggage-Bags-Travel-Accessories-Clothing/b?ie=UTF8&node=15743161	:Read timed out
@[ERROR][2013-12-21 17:16:52:498]: 	can not load URL. : http://www.amazon.com/outdoor-gear/b?ie=UTF8&node=706814011	:Read timed out
@[ERROR][2013-12-21 17:16:54:996]: 	can not load URL. : http://www.amazon.com/Boating-Water-Sports-Outdoors/b?ie=UTF8&node=3421331	:Read timed out
@[ERROR][2013-12-21 17:16:56:276]: 	can not load URL. : http://www.amazon.com/Sports-Collectibles/b?ie=UTF8&node=3250697011	:Read timed out
@[ERROR][2013-12-21 17:16:56:884]: 	can not load URL. : http://www.amazon.com/Golf-Sports-Outdoors/b?ie=UTF8&node=3410851	:Read timed out
@[ERROR][2013-12-21 17:17:13:293]: 	can not load URL. : http://www.amazon.com/compare-credit-card-offers/b?ie=UTF8&node=3561432011	:Read timed out
@[ERROR][2013-12-21 17:17:32:883]: 	can not load URL. : http://www.amazon.com/b?ie=UTF8&node=3427287011	:Read timed out
@[ERROR][2013-12-21 17:17:35:469]: 	can not load URL. : http://www.amazon.com/b?ie=UTF8&node=2478844011	:Read timed out
@[ERROR][2013-12-21 17:17:35:569]: 	can not load URL. : http://www.amazon.com/mobile-apps/b?ie=UTF8&node=2350149011	:Read timed out
@[ERROR][2013-12-21 17:17:36:777]: 	can not load URL. : http://www.amazon.com/mobile-apps/b?ie=UTF8&node=2350149011	:Read timed out
@[ERROR][2013-12-21 17:17:39:931]: 	can not load URL. : http://www.amazon.com/b?ie=UTF8&node=6923534011	:Read timed out
@[ERROR][2013-12-21 17:17:40:648]: 	can not load URL. : http://www.amazon.com/b?ie=UTF8&node=5267605011	:Read timed out
@[ERROR][2013-12-21 17:17:41:746]: 	can not load URL. : http://www.amazon.com/pc-mac-software-downloads/b?ie=UTF8&node=1233514011	:Read timed out
@[ERROR][2013-12-21 17:17:45:363]: 	can not load URL. : http://www.amazon.com/PlayStation-Network/b?ie=UTF8&node=1289533011	:Read timed out
@[ERROR][2013-12-21 17:18:00:752]: 	can not load URL. : http://www.amazon.com/Team-Sports-Outdoors/b?ie=UTF8&node=706809011	:HTTP error fetching URL
@[ERROR][2013-12-21 17:18:03:765]: 	can not load URL. : http://www.amazon.com/Printers-Office-Electronics/b?ie=UTF8&node=172635	:Read timed out
@[ERROR][2013-12-21 17:18:03:905]: 	can not load URL. : http://www.amazon.com/PC-Games/b?ie=UTF8&node=229575	:Read timed out
@[ERROR][2013-12-21 17:18:05:335]: 	can not load URL. : http://www.amazon.com/furniture-decor-rugs-lamps-beds-tv-stands/b?ie=UTF8&node=1057794	:Read timed out
@[ERROR][2013-12-21 17:18:09:443]: 	can not load URL. : http://www.amazon.com/Arts-Crafts-Sewing/b?ie=UTF8&node=2617941011	:Read timed out
@[ERROR][2013-12-21 17:18:11:947]: 	can not load URL. : http://www.amazon.com/Tools-and-Home-Improvement/b?ie=UTF8&node=228013	:Read timed out
@[ERROR][2013-12-21 17:18:12:228]: 	can not load URL. : http://www.amazon.com/Power-Tools-and-Hand-Tools/b?ie=UTF8&node=328182011	:Read timed out
@[ERROR][2013-12-21 17:18:12:348]: 	can not load URL. : http://www.amazon.com/lighting-and-ceiling-fans/b?ie=UTF8&node=495224	:Read timed out
@[ERROR][2013-12-21 17:18:12:682]: 	can not load URL. : http://www.amazon.com/Kitchen-and-Bath-Fixtures/b?ie=UTF8&node=3754161	:Read timed out
@[ERROR][2013-12-21 17:18:13:328]: 	can not load URL. : http://www.amazon.com/Hardware-Locks-and-Fasteners/b?ie=UTF8&node=511228	:Read timed out
@[ERROR][2013-12-21 17:18:13:465]: 	can not load URL. : http://www.amazon.com/home-automation-smarthome/b?ie=UTF8&node=6563140011	:Read timed out
@[ERROR][2013-12-21 17:18:18:086]: 	can not load URL. : http://www.amazon.com/Natural-Organic-Grocery/b?ie=UTF8&node=51537011	:Read timed out
@[ERROR][2013-12-21 17:18:18:557]: 	can not load URL. : http://www.amazon.com/flowers-bouquets-indoor-plants/b?ie=UTF8&node=3745171	:Read timed out
@[ERROR][2013-12-21 17:18:18:994]: 	can not load URL. : http://www.amazon.com/grocery-breakfast-foods-snacks-organic/b?ie=UTF8&node=16310101	:Read timed out
@[ERROR][2013-12-21 17:18:19:286]: 	can not load URL. : http://www.amazon.com/Wine-Red-White-Sparkling-Dessert-Rose/b?ie=UTF8&node=2983386011	:Read timed out
@[ERROR][2013-12-21 17:18:22:209]: 	can not load URL. : http://www.amazon.com/l/2402554011	:Read timed out
@[ERROR][2013-12-21 17:18:23:087]: 	can not load URL. : http://www.amazon.com/Kids-Family/b?ie=UTF8&node=471306	:Read timed out
@[ERROR][2013-12-21 17:18:26:884]: 	can not load URL. : http://www.amazon.com/Luggage-Bags-Travel-Accessories-Clothing/b?ie=UTF8&node=15743161	:Read timed out
@[ERROR][2013-12-21 17:18:28:478]: 	can not load URL. : http://www.amazon.com/outdoor-gear/b?ie=UTF8&node=706814011	:Read timed out
@[ERROR][2013-12-21 17:18:30:810]: 	can not load URL. : http://www.amazon.com/Boating-Water-Sports-Outdoors/b?ie=UTF8&node=3421331	:Read timed out
@[ERROR][2013-12-21 17:18:33:495]: 	can not load URL. : http://www.amazon.com/Golf-Sports-Outdoors/b?ie=UTF8&node=3410851	:Read timed out
@[ERROR][2013-12-21 17:18:34:091]: 	can not load URL. : http://www.amazon.com/Sports-Collectibles/b?ie=UTF8&node=3250697011	:Read timed out
@[ERROR][2013-12-21 17:18:52:256]: 	can not load URL. : http://www.amazon.com/compare-credit-card-offers/b?ie=UTF8&node=3561432011	:Read timed out
@[ERROR][2013-12-21 17:18:57:072]: 	can not load URL. : http://www.amazon.com/Luggage-Bags-Travel-Accessories-Clothing/b?ie=UTF8&node=15743161	:Read timed out
@[ERROR][2013-12-21 17:19:15:650]: 	can not load URL. : http://www.amazon.com/b?ie=UTF8&node=3427287011	:Read timed out
@[ERROR][2013-12-21 17:19:18:216]: 	can not load URL. : http://www.amazon.com/mobile-apps/b?ie=UTF8&node=2350149011	:Read timed out
@[ERROR][2013-12-21 17:19:18:401]: 	can not load URL. : http://www.amazon.com/b?ie=UTF8&node=2478844011	:Read timed out
@[ERROR][2013-12-21 17:19:19:492]: 	can not load URL. : http://www.amazon.com/mobile-apps/b?ie=UTF8&node=2350149011	:Read timed out
@[ERROR][2013-12-21 17:19:23:509]: 	can not load URL. : http://www.amazon.com/b?ie=UTF8&node=5267605011	:Read timed out
@[ERROR][2013-12-21 17:19:23:678]: 	can not load URL. : http://www.amazon.com/b?ie=UTF8&node=6923534011	:Read timed out
@[ERROR][2013-12-21 17:19:24:822]: 	can not load URL. : http://www.amazon.com/pc-mac-software-downloads/b?ie=UTF8&node=1233514011	:Read timed out
@[ERROR][2013-12-21 17:19:26:607]: 	can not load URL. : http://www.amazon.com/PlayStation-Network/b?ie=UTF8&node=1289533011	:Read timed out
@[ERROR][2013-12-21 17:19:47:051]: 	can not load URL. : http://www.amazon.com/PC-Games/b?ie=UTF8&node=229575	:Read timed out
@[ERROR][2013-12-21 17:19:48:050]: 	can not load URL. : http://www.amazon.com/Printers-Office-Electronics/b?ie=UTF8&node=172635	:Read timed out
@[ERROR][2013-12-21 17:19:49:768]: 	can not load URL. : http://www.amazon.com/furniture-decor-rugs-lamps-beds-tv-stands/b?ie=UTF8&node=1057794	:Read timed out
@[ LOG ][2013-12-21 17:46:45:818]: 	Program start.
@[ERROR][2013-12-21 17:47:21:605]: 	can not load URL. : http://www.amazon.com/gift-cards/b?ie=UTF8&node=2238192011	:Read timed out
@[ERROR][2013-12-21 17:48:04:118]: 	can not load URL. : http://www.amazon.com/b?ie=UTF8&node=3427287011	:Read timed out
@[ERROR][2013-12-21 17:48:07:008]: 	can not load URL. : http://www.amazon.com/mobile-apps/b?ie=UTF8&node=2350149011	:Read timed out
@[ERROR][2013-12-21 17:48:08:154]: 	can not load URL. : http://www.amazon.com/b?ie=UTF8&node=2478844011	:Read timed out
@[ERROR][2013-12-21 17:48:08:704]: 	can not load URL. : http://www.amazon.com/mobile-apps/b?ie=UTF8&node=2350149011	:Read timed out
@[ERROR][2013-12-21 17:48:13:686]: 	can not load URL. : http://www.amazon.com/b?ie=UTF8&node=6923534011	:Read timed out
@[ERROR][2013-12-21 17:48:14:045]: 	can not load URL. : http://www.amazon.com/b?ie=UTF8&node=5267605011	:Read timed out
@[ERROR][2013-12-21 17:48:15:387]: 	can not load URL. : http://www.amazon.com/pc-mac-software-downloads/b?ie=UTF8&node=1233514011	:Read timed out
@[ERROR][2013-12-21 17:48:16:009]: 	can not load URL. : http://www.amazon.com/PlayStation-Network/b?ie=UTF8&node=1289533011	:Read timed out
@[ERROR][2013-12-21 17:48:39:044]: 	can not load URL. : http://www.amazon.com/PC-Games/b?ie=UTF8&node=229575	:Read timed out
@[ERROR][2013-12-21 17:48:39:847]: 	can not load URL. : http://www.amazon.com/Printers-Office-Electronics/b?ie=UTF8&node=172635	:Read timed out
@[ERROR][2013-12-21 17:48:43:758]: 	can not load URL. : http://www.amazon.com/furniture-decor-rugs-lamps-beds-tv-stands/b?ie=UTF8&node=1057794	:Read timed out
@[ERROR][2013-12-21 17:48:46:789]: 	can not load URL. : http://www.amazon.com/Arts-Crafts-Sewing/b?ie=UTF8&node=2617941011	:Read timed out
@[ERROR][2013-12-21 17:48:50:264]: 	can not load URL. : http://www.amazon.com/Power-Tools-and-Hand-Tools/b?ie=UTF8&node=328182011	:Read timed out
@[ERROR][2013-12-21 17:48:50:595]: 	can not load URL. : http://www.amazon.com/Kitchen-and-Bath-Fixtures/b?ie=UTF8&node=3754161	:Read timed out
@[ERROR][2013-12-21 17:48:50:945]: 	can not load URL. : http://www.amazon.com/Tools-and-Home-Improvement/b?ie=UTF8&node=228013	:Read timed out
@[ERROR][2013-12-21 17:48:51:015]: 	can not load URL. : http://www.amazon.com/lighting-and-ceiling-fans/b?ie=UTF8&node=495224	:Read timed out
@[ERROR][2013-12-21 17:48:52:541]: 	can not load URL. : http://www.amazon.com/Hardware-Locks-and-Fasteners/b?ie=UTF8&node=511228	:Read timed out
@[ERROR][2013-12-21 17:48:53:224]: 	can not load URL. : http://www.amazon.com/home-automation-smarthome/b?ie=UTF8&node=6563140011	:Read timed out
@[ERROR][2013-12-21 17:48:58:178]: 	can not load URL. : http://www.amazon.com/grocery-breakfast-foods-snacks-organic/b?ie=UTF8&node=16310101	:Read timed out
@[ERROR][2013-12-21 17:48:58:492]: 	can not load URL. : http://www.amazon.com/flowers-bouquets-indoor-plants/b?ie=UTF8&node=3745171	:Read timed out
@[ERROR][2013-12-21 17:48:58:521]: 	can not load URL. : http://www.amazon.com/Natural-Organic-Grocery/b?ie=UTF8&node=51537011	:Read timed out
@[ERROR][2013-12-21 17:48:59:546]: 	can not load URL. : http://www.amazon.com/Wine-Red-White-Sparkling-Dessert-Rose/b?ie=UTF8&node=2983386011	:Read timed out
@[ERROR][2013-12-21 17:49:03:171]: 	can not load URL. : http://www.amazon.com/l/2402554011	:Read timed out
@[ERROR][2013-12-21 17:49:04:327]: 	can not load URL. : http://www.amazon.com/Kids-Family/b?ie=UTF8&node=471306	:Read timed out
@[ERROR][2013-12-21 17:49:08:131]: 	can not load URL. : http://www.amazon.com/Luggage-Bags-Travel-Accessories-Clothing/b?ie=UTF8&node=15743161	:Read timed out
@[ERROR][2013-12-21 17:49:10:920]: 	can not load URL. : http://www.amazon.com/outdoor-gear/b?ie=UTF8&node=706814011	:Read timed out
@[ERROR][2013-12-21 17:49:13:827]: 	can not load URL. : http://www.amazon.com/Boating-Water-Sports-Outdoors/b?ie=UTF8&node=3421331	:Read timed out
@[ERROR][2013-12-21 17:49:16:278]: 	can not load URL. : http://www.amazon.com/Sports-Collectibles/b?ie=UTF8&node=3250697011	:Read timed out
@[ERROR][2013-12-21 17:49:18:085]: 	can not load URL. : http://www.amazon.com/Golf-Sports-Outdoors/b?ie=UTF8&node=3410851	:Read timed out
@[ERROR][2013-12-21 17:50:27:465]: 	can not load URL. : http://www.amazon.com/b?_encoding=UTF8&node=8159379011&pf_rd_i=761198&pf_rd_m=ATVPDKIKX0DER&pf_rd_p=1690347482&pf_rd_r=0GTVNYHKVN4S534BYV07&pf_rd_s=center-5&pf_rd_t=101	:Read timed out
@[ERROR][2013-12-21 17:50:27:859]: 	can not load URL. : http://www.amazon.com/b?_encoding=UTF8&node=8159379011&pf_rd_i=761198&pf_rd_m=ATVPDKIKX0DER&pf_rd_p=1690347482&pf_rd_r=0GTVNYHKVN4S534BYV07&pf_rd_s=center-5&pf_rd_t=101	:Read timed out
@[ERROR][2013-12-21 17:50:31:037]: 	can not load URL. : http://www.amazon.com/b?_encoding=UTF8&node=8159376011	:Read timed out
@[ERROR][2013-12-21 17:50:31:449]: 	can not load URL. : http://www.amazon.com/b?_encoding=UTF8&node=8159376011	:Read timed out
@[ERROR][2013-12-21 17:50:33:725]: 	can not load URL. : http://www.amazon.com/b?_encoding=UTF8&node=8159368011&pf_rd_i=761198&pf_rd_m=ATVPDKIKX0DER&pf_rd_p=1690347482&pf_rd_r=0GTVNYHKVN4S534BYV07&pf_rd_s=center-5&pf_rd_t=101	:Read timed out
@[ERROR][2013-12-21 17:50:33:735]: 	can not load URL. : http://www.amazon.com/b?_encoding=UTF8&node=8159368011&pf_rd_i=761198&pf_rd_m=ATVPDKIKX0DER&pf_rd_p=1690347482&pf_rd_r=0GTVNYHKVN4S534BYV07&pf_rd_s=center-5&pf_rd_t=101	:Read timed out
@[ERROR][2013-12-21 17:50:34:730]: 	can not load URL. : http://www.amazon.com/s?_encoding=UTF8&field-availability=-1&field-enc-merchantbin=ATVPDKIKX0DER&field-price-mp-owner-bin=00000-20000&rh=i%3Acomputers%2Cn%3A1232597011	:Too many redirects occurred trying to load URL http://www.amazon.com/s?ie=UTF8&field-availability=-1&field-enc-merchantbin=ATVPDKIKX0DER&field-price-mp-owner-bin=00000-20000&page=1&rh=n%3A1232597011%2Cp_6%3AATVPDKIKX0DER%7CATVPDKIKX0DER%7CATVPDKIKX0DER%7CATVPDKIKX0DER%7CATVPDKIKX0DER%7CATVPDKIKX0DER%7CATVPDKIKX0DER%7CATVPDKIKX0DER%7CATVPDKIKX0DER%7CATVPDKIKX0DER%7CATVPDKIKX0DER%7CATVPDKIKX0DER%7CATVPDKIKX0DER%7CATVPDKIKX0DER%7CATVPDKIKX0DER%7CATVPDKIKX0DER%7CATVPDKIKX0DER%7CATVPDKIKX0DER%7CATVPDKIKX0DER%2Cp_74%3A00000-20000%2Cp_n_availability%3A1248800011
@[ERROR][2013-12-21 17:50:36:325]: 	can not load URL. : http://www.amazon.com/b?_encoding=UTF8&node=8159384011	:Read timed out
@[ERROR][2013-12-21 17:50:36:477]: 	can not load URL. : http://www.amazon.com/b?_encoding=UTF8&node=8159384011	:Read timed out
@[ERROR][2013-12-21 17:50:37:888]: 	can not load URL. : http://www.amazon.com/s?_encoding=UTF8&field-availability=-1&field-enc-merchantbin=ATVPDKIKX0DER&field-price-mp-owner-bin=00000-20000&rh=i%3Acomputers%2Cn%3A1232597011	:Too many redirects occurred trying to load URL http://www.amazon.com/s?ie=UTF8&field-availability=-1&field-enc-merchantbin=ATVPDKIKX0DER&field-price-mp-owner-bin=00000-20000&page=1&rh=n%3A1232597011%2Cp_6%3AATVPDKIKX0DER%7CATVPDKIKX0DER%7CATVPDKIKX0DER%7CATVPDKIKX0DER%7CATVPDKIKX0DER%7CATVPDKIKX0DER%7CATVPDKIKX0DER%7CATVPDKIKX0DER%7CATVPDKIKX0DER%7CATVPDKIKX0DER%7CATVPDKIKX0DER%7CATVPDKIKX0DER%7CATVPDKIKX0DER%7CATVPDKIKX0DER%7CATVPDKIKX0DER%7CATVPDKIKX0DER%7CATVPDKIKX0DER%7CATVPDKIKX0DER%7CATVPDKIKX0DER%2Cp_74%3A00000-20000%2Cp_n_availability%3A1248800011
@[ERROR][2013-12-21 17:50:38:254]: 	can not load URL. : http://www.amazon.com/b?_encoding=UTF8&node=8159371011&pf_rd_i=761198&pf_rd_m=ATVPDKIKX0DER&pf_rd_p=1690347482&pf_rd_r=0GTVNYHKVN4S534BYV07&pf_rd_s=center-5&pf_rd_t=101	:Read timed out
@[ERROR][2013-12-21 17:50:38:896]: 	can not load URL. : http://www.amazon.com/b?_encoding=UTF8&node=8159371011&pf_rd_i=761198&pf_rd_m=ATVPDKIKX0DER&pf_rd_p=1690347482&pf_rd_r=0GTVNYHKVN4S534BYV07&pf_rd_s=center-5&pf_rd_t=101	:Read timed out
@[ERROR][2013-12-21 17:50:40:867]: 	can not load URL. : http://www.amazon.com/b?_encoding=UTF8&node=8170004011&pf_rd_i=761198&pf_rd_m=ATVPDKIKX0DER&pf_rd_p=1690347482&pf_rd_r=0GTVNYHKVN4S534BYV07&pf_rd_s=center-5&pf_rd_t=101	:Read timed out
@[ERROR][2013-12-21 17:50:42:396]: 	can not load URL. : http://www.amazon.com/b?_encoding=UTF8&node=8170004011&pf_rd_i=761198&pf_rd_m=ATVPDKIKX0DER&pf_rd_p=1690347482&pf_rd_r=0GTVNYHKVN4S534BYV07&pf_rd_s=center-5&pf_rd_t=101	:Read timed out
@[ERROR][2013-12-21 17:50:42:685]: 	can not load URL. : http://www.amazon.com/b/?_encoding=UTF8&node=8160259011	:Read timed out
@[ERROR][2013-12-21 17:52:12:211]: 	can not load URL. : http://www.amazon.com/b?_encoding=UTF8&field-pct-off-mp-owner=20-&node=3237803011	:Read timed out
@[ERROR][2013-12-21 17:52:24:382]: 	can not load URL. : http://www.amazon.com/b?_encoding=UTF8&field-pct-off-mp-owner=30-&node=172572	:Read timed out
@[ERROR][2013-12-21 17:52:29:050]: 	can not load URL. : http://www.amazon.com/b?_encoding=UTF8&field-pct-off-mp-owner=40-&node=281056	:Read timed out
@[ERROR][2013-12-21 17:52:58:050]: 	can not load URL. : http://www.amazon.com/compare-credit-card-offers/b?ie=UTF8&node=3561432011	:Read timed out
@[ERROR][2013-12-21 17:54:10:037]: 	can not load URL. : http://www.amazon.com/gp/seller/sell-your-stuff.html	:HTTP error fetching URL
@[ERROR][2013-12-21 17:54:31:108]: 	can not load URL. : http://www.amazon.com/Frustration-Free-Packaging/b?ie=UTF8&node=1289004011	:Read timed out
@[ERROR][2013-12-21 17:54:57:106]: 	can not load URL. : http://www.amazon.com/gp/offer-listing/B00E45043A	:HTTP error fetching URL
@[ERROR][2013-12-21 17:55:06:384]: 	can not load URL. : http://www.amazon.com/gp/offer-listing/B00COYOAYW	:HTTP error fetching URL
@[ERROR][2013-12-21 17:55:07:230]: 	can not load URL. : http://www.amazon.com/cell-phones-and-service-plans/b?ie=UTF8&node=2407747011	:Read timed out
@[ERROR][2013-12-21 17:55:15:824]: 	can not load URL. : http://www.amazon.com/cell-phone-accessories/b?ie=UTF8&node=2407755011	:Read timed out
@[ERROR][2013-12-21 17:55:17:825]: 	can not load URL. : http://www.amazon.com/b?ie=UTF8&node=2447856011	:Read timed out
@[ERROR][2013-12-21 17:55:26:937]: 	can not load URL. : http://www.amazon.com/gp/offer-listing/B00AERVJCM	:HTTP error fetching URL
@[ERROR][2013-12-21 17:55:43:568]: 	can not load URL. : http://www.amazon.com/gp/offer-listing/B00FDZMC9Y	:HTTP error fetching URL
@[ERROR][2013-12-21 17:55:52:444]: 	can not load URL. : http://www.amazon.com/gp/offer-listing/B009LRNLW2	:HTTP error fetching URL
@[ERROR][2013-12-21 17:56:02:898]: 	can not load URL. : http://www.amazon.com/gp/offer-listing/B004IS1PBS	:HTTP error fetching URL
@[ERROR][2013-12-21 17:56:12:879]: 	can not load URL. : http://www.amazon.com/gp/offer-listing/B00FM7R1WG	:HTTP error fetching URL
@[ERROR][2013-12-21 17:56:28:463]: 	can not load URL. : http://www.amazon.com/gp/offer-listing/B004ZSGAMU	:HTTP error fetching URL
@[ERROR][2013-12-21 17:56:40:259]: 	can not load URL. : http://www.amazon.com/gp/offer-listing/B00D9AOU3G	:HTTP error fetching URL
@[ERROR][2013-12-21 17:56:46:944]: 	can not load URL. : http://www.amazon.com/gp/offer-listing/B00D99ZBR6	:HTTP error fetching URL
@[ERROR][2013-12-21 17:56:58:943]: 	can not load URL. : http://www.amazon.com/gp/offer-listing/B006E8MKZU	:HTTP error fetching URL
@[ERROR][2013-12-21 17:57:07:981]: 	can not load URL. : http://www.amazon.com/gp/offer-listing/B009SP8X02	:HTTP error fetching URL
@[ERROR][2013-12-21 17:57:25:617]: 	can not load URL. : http://www.amazon.com/gp/offer-listing/B00F9S976G	:HTTP error fetching URL
@[ERROR][2013-12-21 17:57:50:769]: 	can not load URL. : http://www.amazon.com/gp/offer-listing/B00EMHUAN4	:HTTP error fetching URL
